<?xml version="1.0" ?>
<coverage version="7.10.7" timestamp="1759769953347" lines-valid="7638" lines-covered="1596" line-rate="0.209" branches-valid="1800" branches-covered="99" branch-rate="0.055" complexity="0">
	<!-- Generated by coverage.py: https://coverage.readthedocs.io/en/7.10.7 -->
	<!-- Based on https://raw.githubusercontent.com/cobertura/web/master/htdocs/xml/coverage-04.dtd -->
	<sources>
		<source>/home/me/CPJ</source>
	</sources>
	<packages>
		<package name="." line-rate="0.2427" branch-rate="0.07642" complexity="0">
			<classes>
				<class name="CPJLexer.py" filename="CPJLexer.py" complexity="0" line-rate="0.9821" branch-rate="0.5">
					<methods/>
					<lines>
						<line number="2" hits="1"/>
						<line number="3" hits="1"/>
						<line number="4" hits="1"/>
						<line number="5" hits="1" branch="true" condition-coverage="50% (1/2)" missing-branches="8"/>
						<line number="6" hits="1"/>
						<line number="8" hits="0"/>
						<line number="11" hits="1"/>
						<line number="12" hits="1"/>
						<line number="93" hits="1"/>
						<line number="95" hits="1"/>
						<line number="97" hits="1"/>
						<line number="99" hits="1"/>
						<line number="100" hits="1"/>
						<line number="101" hits="1"/>
						<line number="102" hits="1"/>
						<line number="103" hits="1"/>
						<line number="104" hits="1"/>
						<line number="105" hits="1"/>
						<line number="106" hits="1"/>
						<line number="107" hits="1"/>
						<line number="108" hits="1"/>
						<line number="109" hits="1"/>
						<line number="110" hits="1"/>
						<line number="111" hits="1"/>
						<line number="112" hits="1"/>
						<line number="113" hits="1"/>
						<line number="114" hits="1"/>
						<line number="115" hits="1"/>
						<line number="116" hits="1"/>
						<line number="117" hits="1"/>
						<line number="118" hits="1"/>
						<line number="119" hits="1"/>
						<line number="120" hits="1"/>
						<line number="121" hits="1"/>
						<line number="122" hits="1"/>
						<line number="123" hits="1"/>
						<line number="124" hits="1"/>
						<line number="125" hits="1"/>
						<line number="126" hits="1"/>
						<line number="127" hits="1"/>
						<line number="128" hits="1"/>
						<line number="129" hits="1"/>
						<line number="130" hits="1"/>
						<line number="131" hits="1"/>
						<line number="133" hits="1"/>
						<line number="135" hits="1"/>
						<line number="137" hits="1"/>
						<line number="143" hits="1"/>
						<line number="150" hits="1"/>
						<line number="157" hits="1"/>
						<line number="159" hits="1"/>
						<line number="160" hits="1"/>
						<line number="161" hits="1"/>
						<line number="162" hits="1"/>
						<line number="163" hits="1"/>
						<line number="164" hits="1"/>
					</lines>
				</class>
				<class name="CPJListener.py" filename="CPJListener.py" complexity="0" line-rate="0.5286" branch-rate="0.5">
					<methods/>
					<lines>
						<line number="2" hits="1"/>
						<line number="3" hits="1" branch="true" condition-coverage="50% (1/2)" missing-branches="4"/>
						<line number="4" hits="0"/>
						<line number="6" hits="1"/>
						<line number="9" hits="1"/>
						<line number="12" hits="1"/>
						<line number="13" hits="0"/>
						<line number="16" hits="1"/>
						<line number="17" hits="0"/>
						<line number="21" hits="1"/>
						<line number="22" hits="0"/>
						<line number="25" hits="1"/>
						<line number="26" hits="0"/>
						<line number="30" hits="1"/>
						<line number="31" hits="0"/>
						<line number="34" hits="1"/>
						<line number="35" hits="0"/>
						<line number="39" hits="1"/>
						<line number="40" hits="0"/>
						<line number="43" hits="1"/>
						<line number="44" hits="0"/>
						<line number="48" hits="1"/>
						<line number="49" hits="0"/>
						<line number="52" hits="1"/>
						<line number="53" hits="0"/>
						<line number="57" hits="1"/>
						<line number="58" hits="0"/>
						<line number="61" hits="1"/>
						<line number="62" hits="0"/>
						<line number="66" hits="1"/>
						<line number="67" hits="0"/>
						<line number="70" hits="1"/>
						<line number="71" hits="0"/>
						<line number="75" hits="1"/>
						<line number="76" hits="0"/>
						<line number="79" hits="1"/>
						<line number="80" hits="0"/>
						<line number="84" hits="1"/>
						<line number="85" hits="0"/>
						<line number="88" hits="1"/>
						<line number="89" hits="0"/>
						<line number="93" hits="1"/>
						<line number="94" hits="0"/>
						<line number="97" hits="1"/>
						<line number="98" hits="0"/>
						<line number="102" hits="1"/>
						<line number="103" hits="0"/>
						<line number="106" hits="1"/>
						<line number="107" hits="0"/>
						<line number="111" hits="1"/>
						<line number="112" hits="0"/>
						<line number="115" hits="1"/>
						<line number="116" hits="0"/>
						<line number="120" hits="1"/>
						<line number="121" hits="0"/>
						<line number="124" hits="1"/>
						<line number="125" hits="0"/>
						<line number="129" hits="1"/>
						<line number="130" hits="0"/>
						<line number="133" hits="1"/>
						<line number="134" hits="0"/>
						<line number="138" hits="1"/>
						<line number="139" hits="0"/>
						<line number="142" hits="1"/>
						<line number="143" hits="0"/>
						<line number="147" hits="1"/>
						<line number="148" hits="0"/>
						<line number="151" hits="1"/>
						<line number="152" hits="0"/>
						<line number="156" hits="1"/>
					</lines>
				</class>
				<class name="CPJParser.py" filename="CPJParser.py" complexity="0" line-rate="0.6493" branch-rate="0.3431">
					<methods/>
					<lines>
						<line number="3" hits="1"/>
						<line number="4" hits="1"/>
						<line number="5" hits="1"/>
						<line number="6" hits="1" branch="true" condition-coverage="50% (1/2)" missing-branches="9"/>
						<line number="7" hits="1"/>
						<line number="9" hits="0"/>
						<line number="11" hits="1"/>
						<line number="12" hits="1"/>
						<line number="84" hits="1"/>
						<line number="86" hits="1"/>
						<line number="88" hits="1"/>
						<line number="90" hits="1"/>
						<line number="92" hits="1"/>
						<line number="94" hits="1"/>
						<line number="101" hits="1"/>
						<line number="108" hits="1"/>
						<line number="109" hits="1"/>
						<line number="110" hits="1"/>
						<line number="111" hits="1"/>
						<line number="112" hits="1"/>
						<line number="113" hits="1"/>
						<line number="114" hits="1"/>
						<line number="115" hits="1"/>
						<line number="116" hits="1"/>
						<line number="117" hits="1"/>
						<line number="118" hits="1"/>
						<line number="119" hits="1"/>
						<line number="120" hits="1"/>
						<line number="121" hits="1"/>
						<line number="122" hits="1"/>
						<line number="123" hits="1"/>
						<line number="125" hits="1"/>
						<line number="129" hits="1"/>
						<line number="130" hits="1"/>
						<line number="131" hits="1"/>
						<line number="132" hits="1"/>
						<line number="133" hits="1"/>
						<line number="134" hits="1"/>
						<line number="135" hits="1"/>
						<line number="136" hits="1"/>
						<line number="137" hits="1"/>
						<line number="138" hits="1"/>
						<line number="139" hits="1"/>
						<line number="140" hits="1"/>
						<line number="141" hits="1"/>
						<line number="142" hits="1"/>
						<line number="143" hits="1"/>
						<line number="144" hits="1"/>
						<line number="145" hits="1"/>
						<line number="146" hits="1"/>
						<line number="147" hits="1"/>
						<line number="148" hits="1"/>
						<line number="149" hits="1"/>
						<line number="150" hits="1"/>
						<line number="151" hits="1"/>
						<line number="152" hits="1"/>
						<line number="153" hits="1"/>
						<line number="154" hits="1"/>
						<line number="155" hits="1"/>
						<line number="156" hits="1"/>
						<line number="157" hits="1"/>
						<line number="158" hits="1"/>
						<line number="159" hits="1"/>
						<line number="160" hits="1"/>
						<line number="161" hits="1"/>
						<line number="162" hits="1"/>
						<line number="164" hits="1"/>
						<line number="165" hits="1"/>
						<line number="166" hits="1"/>
						<line number="167" hits="1"/>
						<line number="168" hits="1"/>
						<line number="173" hits="1"/>
						<line number="174" hits="1"/>
						<line number="176" hits="1"/>
						<line number="177" hits="1"/>
						<line number="178" hits="1"/>
						<line number="180" hits="1"/>
						<line number="181" hits="0"/>
						<line number="183" hits="1"/>
						<line number="184" hits="0" branch="true" condition-coverage="0% (0/2)" missing-branches="185,187"/>
						<line number="185" hits="0"/>
						<line number="187" hits="0"/>
						<line number="190" hits="1"/>
						<line number="191" hits="0" branch="true" condition-coverage="0% (0/2)" missing-branches="192,194"/>
						<line number="192" hits="0"/>
						<line number="194" hits="0"/>
						<line number="196" hits="1"/>
						<line number="197" hits="0"/>
						<line number="199" hits="1"/>
						<line number="200" hits="0" branch="true" condition-coverage="0% (0/2)" missing-branches="exit,201"/>
						<line number="201" hits="0"/>
						<line number="203" hits="1"/>
						<line number="204" hits="0" branch="true" condition-coverage="0% (0/2)" missing-branches="exit,205"/>
						<line number="205" hits="0"/>
						<line number="210" hits="1"/>
						<line number="212" hits="1"/>
						<line number="213" hits="1"/>
						<line number="214" hits="1"/>
						<line number="215" hits="1"/>
						<line number="216" hits="1"/>
						<line number="217" hits="1"/>
						<line number="218" hits="1"/>
						<line number="219" hits="1"/>
						<line number="220" hits="1" branch="true" condition-coverage="100% (2/2)"/>
						<line number="221" hits="1"/>
						<line number="222" hits="1"/>
						<line number="223" hits="1"/>
						<line number="224" hits="1" branch="true" condition-coverage="100% (2/2)"/>
						<line number="225" hits="1"/>
						<line number="226" hits="1"/>
						<line number="227" hits="1"/>
						<line number="228" hits="1" branch="true" condition-coverage="50% (1/2)" missing-branches="233"/>
						<line number="229" hits="1"/>
						<line number="230" hits="1"/>
						<line number="231" hits="1"/>
						<line number="233" hits="0"/>
						<line number="235" hits="1"/>
						<line number="236" hits="1"/>
						<line number="237" hits="1"/>
						<line number="239" hits="1"/>
						<line number="240" hits="1"/>
						<line number="241" hits="0"/>
						<line number="242" hits="0"/>
						<line number="243" hits="0"/>
						<line number="244" hits="0"/>
						<line number="246" hits="1"/>
						<line number="247" hits="1"/>
						<line number="250" hits="1"/>
						<line number="251" hits="1"/>
						<line number="253" hits="1"/>
						<line number="254" hits="1"/>
						<line number="255" hits="1"/>
						<line number="257" hits="1"/>
						<line number="258" hits="0"/>
						<line number="261" hits="1"/>
						<line number="262" hits="0"/>
						<line number="265" hits="1"/>
						<line number="266" hits="0"/>
						<line number="269" hits="1"/>
						<line number="270" hits="0"/>
						<line number="273" hits="1"/>
						<line number="274" hits="0"/>
						<line number="277" hits="1"/>
						<line number="278" hits="0"/>
						<line number="280" hits="1"/>
						<line number="281" hits="0"/>
						<line number="284" hits="1"/>
						<line number="285" hits="0"/>
						<line number="287" hits="1"/>
						<line number="288" hits="0" branch="true" condition-coverage="0% (0/2)" missing-branches="exit,289"/>
						<line number="289" hits="0"/>
						<line number="291" hits="1"/>
						<line number="292" hits="0" branch="true" condition-coverage="0% (0/2)" missing-branches="exit,293"/>
						<line number="293" hits="0"/>
						<line number="298" hits="1"/>
						<line number="300" hits="1"/>
						<line number="301" hits="1"/>
						<line number="302" hits="1"/>
						<line number="303" hits="1"/>
						<line number="304" hits="1"/>
						<line number="305" hits="1"/>
						<line number="306" hits="1"/>
						<line number="307" hits="1" branch="true" condition-coverage="50% (1/2)" missing-branches="308"/>
						<line number="308" hits="0"/>
						<line number="309" hits="0"/>
						<line number="310" hits="0"/>
						<line number="311" hits="0"/>
						<line number="312" hits="1" branch="true" condition-coverage="100% (2/2)"/>
						<line number="313" hits="1"/>
						<line number="314" hits="1"/>
						<line number="315" hits="1"/>
						<line number="316" hits="1"/>
						<line number="317" hits="1" branch="true" condition-coverage="100% (2/2)"/>
						<line number="318" hits="1"/>
						<line number="319" hits="1"/>
						<line number="320" hits="1"/>
						<line number="321" hits="1"/>
						<line number="322" hits="1" branch="true" condition-coverage="50% (1/2)" missing-branches="323"/>
						<line number="323" hits="0"/>
						<line number="324" hits="0"/>
						<line number="325" hits="0"/>
						<line number="326" hits="0"/>
						<line number="327" hits="1" branch="true" condition-coverage="100% (2/2)"/>
						<line number="328" hits="1"/>
						<line number="329" hits="1"/>
						<line number="330" hits="1"/>
						<line number="331" hits="1"/>
						<line number="332" hits="1"/>
						<line number="333" hits="1"/>
						<line number="334" hits="1" branch="true" condition-coverage="100% (2/2)"/>
						<line number="335" hits="1"/>
						<line number="336" hits="1"/>
						<line number="339" hits="1"/>
						<line number="340" hits="1" branch="true" condition-coverage="50% (1/2)" missing-branches="346"/>
						<line number="341" hits="1"/>
						<line number="342" hits="1"/>
						<line number="343" hits="1"/>
						<line number="344" hits="1"/>
						<line number="346" hits="0"/>
						<line number="348" hits="0"/>
						<line number="349" hits="0"/>
						<line number="350" hits="0"/>
						<line number="351" hits="0"/>
						<line number="353" hits="1"/>
						<line number="354" hits="1"/>
						<line number="357" hits="1"/>
						<line number="358" hits="1"/>
						<line number="360" hits="1"/>
						<line number="361" hits="1"/>
						<line number="362" hits="1"/>
						<line number="364" hits="1"/>
						<line number="365" hits="0"/>
						<line number="367" hits="1"/>
						<line number="368" hits="0"/>
						<line number="370" hits="1"/>
						<line number="371" hits="0"/>
						<line number="373" hits="1"/>
						<line number="374" hits="0"/>
						<line number="376" hits="1"/>
						<line number="377" hits="0" branch="true" condition-coverage="0% (0/2)" missing-branches="378,380"/>
						<line number="378" hits="0"/>
						<line number="380" hits="0"/>
						<line number="383" hits="1"/>
						<line number="384" hits="0" branch="true" condition-coverage="0% (0/2)" missing-branches="385,387"/>
						<line number="385" hits="0"/>
						<line number="387" hits="0"/>
						<line number="389" hits="1"/>
						<line number="390" hits="0"/>
						<line number="392" hits="1"/>
						<line number="393" hits="0" branch="true" condition-coverage="0% (0/2)" missing-branches="exit,394"/>
						<line number="394" hits="0"/>
						<line number="396" hits="1"/>
						<line number="397" hits="0" branch="true" condition-coverage="0% (0/2)" missing-branches="exit,398"/>
						<line number="398" hits="0"/>
						<line number="403" hits="1"/>
						<line number="405" hits="1"/>
						<line number="406" hits="1"/>
						<line number="407" hits="1"/>
						<line number="408" hits="1"/>
						<line number="409" hits="1"/>
						<line number="410" hits="1"/>
						<line number="411" hits="1"/>
						<line number="412" hits="1"/>
						<line number="413" hits="1"/>
						<line number="414" hits="1"/>
						<line number="415" hits="1"/>
						<line number="416" hits="0"/>
						<line number="417" hits="0"/>
						<line number="418" hits="0"/>
						<line number="419" hits="0" branch="true" condition-coverage="0% (0/2)" missing-branches="420,436"/>
						<line number="420" hits="0"/>
						<line number="421" hits="0"/>
						<line number="422" hits="0"/>
						<line number="423" hits="0"/>
						<line number="424" hits="0"/>
						<line number="425" hits="0" branch="true" condition-coverage="0% (0/2)" missing-branches="426,436"/>
						<line number="426" hits="0"/>
						<line number="427" hits="0"/>
						<line number="428" hits="0"/>
						<line number="429" hits="0"/>
						<line number="430" hits="0"/>
						<line number="431" hits="0"/>
						<line number="432" hits="0"/>
						<line number="436" hits="0"/>
						<line number="437" hits="0"/>
						<line number="438" hits="1"/>
						<line number="439" hits="1"/>
						<line number="440" hits="1"/>
						<line number="441" hits="1"/>
						<line number="443" hits="1"/>
						<line number="444" hits="1"/>
						<line number="447" hits="1"/>
						<line number="448" hits="1"/>
						<line number="450" hits="1"/>
						<line number="451" hits="0"/>
						<line number="452" hits="0"/>
						<line number="454" hits="1"/>
						<line number="455" hits="0"/>
						<line number="457" hits="1"/>
						<line number="458" hits="0"/>
						<line number="460" hits="1"/>
						<line number="461" hits="0"/>
						<line number="464" hits="1"/>
						<line number="465" hits="0"/>
						<line number="467" hits="1"/>
						<line number="468" hits="0" branch="true" condition-coverage="0% (0/2)" missing-branches="exit,469"/>
						<line number="469" hits="0"/>
						<line number="471" hits="1"/>
						<line number="472" hits="0" branch="true" condition-coverage="0% (0/2)" missing-branches="exit,473"/>
						<line number="473" hits="0"/>
						<line number="478" hits="1"/>
						<line number="480" hits="0"/>
						<line number="481" hits="0"/>
						<line number="482" hits="0"/>
						<line number="483" hits="0"/>
						<line number="484" hits="0"/>
						<line number="485" hits="0"/>
						<line number="486" hits="0"/>
						<line number="487" hits="0"/>
						<line number="488" hits="0"/>
						<line number="489" hits="0"/>
						<line number="490" hits="0"/>
						<line number="491" hits="0"/>
						<line number="492" hits="0"/>
						<line number="493" hits="0"/>
						<line number="495" hits="0"/>
						<line number="496" hits="0"/>
						<line number="499" hits="1"/>
						<line number="500" hits="1"/>
						<line number="502" hits="1"/>
						<line number="503" hits="1"/>
						<line number="504" hits="1"/>
						<line number="506" hits="1"/>
						<line number="507" hits="0"/>
						<line number="509" hits="1"/>
						<line number="510" hits="0"/>
						<line number="512" hits="1"/>
						<line number="513" hits="0"/>
						<line number="516" hits="1"/>
						<line number="517" hits="0"/>
						<line number="519" hits="1"/>
						<line number="520" hits="0"/>
						<line number="522" hits="1"/>
						<line number="523" hits="0"/>
						<line number="525" hits="1"/>
						<line number="526" hits="0" branch="true" condition-coverage="0% (0/2)" missing-branches="exit,527"/>
						<line number="527" hits="0"/>
						<line number="529" hits="1"/>
						<line number="530" hits="0" branch="true" condition-coverage="0% (0/2)" missing-branches="exit,531"/>
						<line number="531" hits="0"/>
						<line number="536" hits="1"/>
						<line number="538" hits="1"/>
						<line number="539" hits="1"/>
						<line number="540" hits="1"/>
						<line number="541" hits="1"/>
						<line number="542" hits="1"/>
						<line number="543" hits="1"/>
						<line number="544" hits="1" branch="true" condition-coverage="100% (2/2)"/>
						<line number="545" hits="1"/>
						<line number="546" hits="1"/>
						<line number="547" hits="1"/>
						<line number="548" hits="1"/>
						<line number="550" hits="1" branch="true" condition-coverage="50% (1/2)" missing-branches="562"/>
						<line number="551" hits="1"/>
						<line number="552" hits="1"/>
						<line number="553" hits="1"/>
						<line number="554" hits="1"/>
						<line number="555" hits="1"/>
						<line number="556" hits="1"/>
						<line number="557" hits="1"/>
						<line number="558" hits="1"/>
						<line number="559" hits="1"/>
						<line number="560" hits="1"/>
						<line number="562" hits="0" branch="true" condition-coverage="0% (0/2)" missing-branches="563,574"/>
						<line number="563" hits="0"/>
						<line number="564" hits="0"/>
						<line number="565" hits="0"/>
						<line number="566" hits="0"/>
						<line number="569" hits="1"/>
						<line number="570" hits="1"/>
						<line number="571" hits="1"/>
						<line number="572" hits="1"/>
						<line number="574" hits="1"/>
						<line number="575" hits="1"/>
						<line number="578" hits="1"/>
						<line number="579" hits="1"/>
						<line number="581" hits="1"/>
						<line number="582" hits="1"/>
						<line number="583" hits="1"/>
						<line number="585" hits="1"/>
						<line number="586" hits="0"/>
						<line number="588" hits="1"/>
						<line number="589" hits="0"/>
						<line number="591" hits="1"/>
						<line number="592" hits="0"/>
						<line number="594" hits="1"/>
						<line number="595" hits="0"/>
						<line number="597" hits="1"/>
						<line number="598" hits="0"/>
						<line number="600" hits="1"/>
						<line number="601" hits="0"/>
						<line number="604" hits="1"/>
						<line number="605" hits="0"/>
						<line number="608" hits="1"/>
						<line number="609" hits="0"/>
						<line number="612" hits="1"/>
						<line number="613" hits="0"/>
						<line number="615" hits="1"/>
						<line number="616" hits="0"/>
						<line number="619" hits="1"/>
						<line number="620" hits="0"/>
						<line number="622" hits="1"/>
						<line number="623" hits="0"/>
						<line number="625" hits="1"/>
						<line number="626" hits="0"/>
						<line number="628" hits="1"/>
						<line number="629" hits="0" branch="true" condition-coverage="0% (0/2)" missing-branches="exit,630"/>
						<line number="630" hits="0"/>
						<line number="632" hits="1"/>
						<line number="633" hits="0" branch="true" condition-coverage="0% (0/2)" missing-branches="exit,634"/>
						<line number="634" hits="0"/>
						<line number="639" hits="1"/>
						<line number="641" hits="1"/>
						<line number="642" hits="1"/>
						<line number="643" hits="1"/>
						<line number="644" hits="1"/>
						<line number="645" hits="1"/>
						<line number="646" hits="1"/>
						<line number="647" hits="1"/>
						<line number="648" hits="1"/>
						<line number="649" hits="1" branch="true" condition-coverage="50% (1/2)" missing-branches="668"/>
						<line number="650" hits="1"/>
						<line number="651" hits="1"/>
						<line number="652" hits="1"/>
						<line number="653" hits="1" branch="true" condition-coverage="100% (2/2)"/>
						<line number="654" hits="1"/>
						<line number="655" hits="1"/>
						<line number="658" hits="1"/>
						<line number="659" hits="1"/>
						<line number="660" hits="1"/>
						<line number="661" hits="1" branch="true" condition-coverage="50% (1/2)" missing-branches="662"/>
						<line number="662" hits="0"/>
						<line number="663" hits="0"/>
						<line number="668" hits="1"/>
						<line number="669" hits="1"/>
						<line number="670" hits="1"/>
						<line number="671" hits="1"/>
						<line number="672" hits="1"/>
						<line number="673" hits="1"/>
						<line number="674" hits="1"/>
						<line number="675" hits="1"/>
						<line number="676" hits="1"/>
						<line number="677" hits="1" branch="true" condition-coverage="50% (1/2)" missing-branches="682"/>
						<line number="678" hits="1"/>
						<line number="679" hits="1"/>
						<line number="682" hits="1"/>
						<line number="683" hits="1"/>
						<line number="684" hits="1"/>
						<line number="685" hits="1"/>
						<line number="686" hits="1"/>
						<line number="687" hits="1" branch="true" condition-coverage="100% (2/2)"/>
						<line number="688" hits="1"/>
						<line number="689" hits="1"/>
						<line number="690" hits="1"/>
						<line number="691" hits="1"/>
						<line number="694" hits="1"/>
						<line number="695" hits="1"/>
						<line number="696" hits="1"/>
						<line number="697" hits="1" branch="true" condition-coverage="100% (2/2)"/>
						<line number="698" hits="1"/>
						<line number="699" hits="1"/>
						<line number="700" hits="1"/>
						<line number="701" hits="1"/>
						<line number="702" hits="1"/>
						<line number="703" hits="1" branch="true" condition-coverage="50% (1/2)" missing-branches="704"/>
						<line number="704" hits="0"/>
						<line number="705" hits="0"/>
						<line number="706" hits="0"/>
						<line number="708" hits="1"/>
						<line number="710" hits="1"/>
						<line number="711" hits="1"/>
						<line number="712" hits="1"/>
						<line number="713" hits="1"/>
						<line number="715" hits="1"/>
						<line number="716" hits="1"/>
						<line number="719" hits="1"/>
						<line number="720" hits="1"/>
						<line number="722" hits="1"/>
						<line number="723" hits="1"/>
						<line number="724" hits="1"/>
						<line number="726" hits="1"/>
						<line number="727" hits="0" branch="true" condition-coverage="0% (0/2)" missing-branches="728,730"/>
						<line number="728" hits="0"/>
						<line number="730" hits="0"/>
						<line number="733" hits="1"/>
						<line number="734" hits="0" branch="true" condition-coverage="0% (0/2)" missing-branches="735,737"/>
						<line number="735" hits="0"/>
						<line number="737" hits="0"/>
						<line number="739" hits="1"/>
						<line number="740" hits="0"/>
						<line number="742" hits="1"/>
						<line number="743" hits="0" branch="true" condition-coverage="0% (0/2)" missing-branches="exit,744"/>
						<line number="744" hits="0"/>
						<line number="746" hits="1"/>
						<line number="747" hits="0" branch="true" condition-coverage="0% (0/2)" missing-branches="exit,748"/>
						<line number="748" hits="0"/>
						<line number="753" hits="1"/>
						<line number="755" hits="1"/>
						<line number="756" hits="1"/>
						<line number="757" hits="1"/>
						<line number="758" hits="1"/>
						<line number="759" hits="1"/>
						<line number="760" hits="1"/>
						<line number="761" hits="1"/>
						<line number="762" hits="1"/>
						<line number="763" hits="1"/>
						<line number="764" hits="1"/>
						<line number="765" hits="1" branch="true" condition-coverage="50% (1/2)" missing-branches="766"/>
						<line number="766" hits="0"/>
						<line number="767" hits="0"/>
						<line number="768" hits="0"/>
						<line number="769" hits="0"/>
						<line number="770" hits="0"/>
						<line number="771" hits="0"/>
						<line number="772" hits="0"/>
						<line number="774" hits="0"/>
						<line number="775" hits="0"/>
						<line number="776" hits="0"/>
						<line number="777" hits="0"/>
						<line number="779" hits="1"/>
						<line number="780" hits="1"/>
						<line number="783" hits="1"/>
						<line number="784" hits="1"/>
						<line number="786" hits="1"/>
						<line number="787" hits="1"/>
						<line number="788" hits="1"/>
						<line number="790" hits="1"/>
						<line number="791" hits="0"/>
						<line number="793" hits="1"/>
						<line number="794" hits="0"/>
						<line number="796" hits="1"/>
						<line number="797" hits="0"/>
						<line number="800" hits="1"/>
						<line number="801" hits="0"/>
						<line number="803" hits="1"/>
						<line number="804" hits="0" branch="true" condition-coverage="0% (0/2)" missing-branches="exit,805"/>
						<line number="805" hits="0"/>
						<line number="807" hits="1"/>
						<line number="808" hits="0" branch="true" condition-coverage="0% (0/2)" missing-branches="exit,809"/>
						<line number="809" hits="0"/>
						<line number="814" hits="1"/>
						<line number="816" hits="1"/>
						<line number="817" hits="1"/>
						<line number="818" hits="1"/>
						<line number="819" hits="1"/>
						<line number="820" hits="1"/>
						<line number="821" hits="1"/>
						<line number="822" hits="1"/>
						<line number="823" hits="1"/>
						<line number="824" hits="1"/>
						<line number="825" hits="1"/>
						<line number="826" hits="1" branch="true" condition-coverage="100% (2/2)"/>
						<line number="827" hits="1"/>
						<line number="828" hits="1"/>
						<line number="829" hits="1"/>
						<line number="830" hits="1"/>
						<line number="833" hits="0"/>
						<line number="834" hits="0"/>
						<line number="835" hits="0"/>
						<line number="836" hits="0"/>
						<line number="838" hits="1"/>
						<line number="839" hits="1"/>
						<line number="842" hits="1"/>
						<line number="843" hits="1"/>
						<line number="845" hits="1"/>
						<line number="846" hits="1"/>
						<line number="847" hits="1"/>
						<line number="849" hits="1"/>
						<line number="850" hits="0"/>
						<line number="852" hits="1"/>
						<line number="853" hits="0"/>
						<line number="855" hits="1"/>
						<line number="856" hits="0" branch="true" condition-coverage="0% (0/2)" missing-branches="857,859"/>
						<line number="857" hits="0"/>
						<line number="859" hits="0"/>
						<line number="862" hits="1"/>
						<line number="863" hits="0"/>
						<line number="865" hits="1"/>
						<line number="866" hits="0" branch="true" condition-coverage="0% (0/2)" missing-branches="exit,867"/>
						<line number="867" hits="0"/>
						<line number="869" hits="1"/>
						<line number="870" hits="0" branch="true" condition-coverage="0% (0/2)" missing-branches="exit,871"/>
						<line number="871" hits="0"/>
						<line number="876" hits="1"/>
						<line number="878" hits="1"/>
						<line number="879" hits="1"/>
						<line number="880" hits="1"/>
						<line number="881" hits="1"/>
						<line number="882" hits="1"/>
						<line number="883" hits="1"/>
						<line number="884" hits="1"/>
						<line number="885" hits="1"/>
						<line number="886" hits="1"/>
						<line number="887" hits="1"/>
						<line number="888" hits="1"/>
						<line number="889" hits="1"/>
						<line number="890" hits="1"/>
						<line number="891" hits="1"/>
						<line number="892" hits="1"/>
						<line number="893" hits="1"/>
						<line number="894" hits="1" branch="true" condition-coverage="100% (2/2)"/>
						<line number="895" hits="1"/>
						<line number="897" hits="1"/>
						<line number="898" hits="1"/>
						<line number="899" hits="1"/>
						<line number="900" hits="1"/>
						<line number="901" hits="1"/>
						<line number="902" hits="1"/>
						<line number="904" hits="1"/>
						<line number="905" hits="1"/>
						<line number="908" hits="1"/>
						<line number="909" hits="1"/>
						<line number="911" hits="1"/>
						<line number="912" hits="1"/>
						<line number="913" hits="1"/>
						<line number="915" hits="1"/>
						<line number="916" hits="0"/>
						<line number="918" hits="1"/>
						<line number="919" hits="0"/>
						<line number="921" hits="1"/>
						<line number="922" hits="0" branch="true" condition-coverage="0% (0/2)" missing-branches="923,925"/>
						<line number="923" hits="0"/>
						<line number="925" hits="0"/>
						<line number="928" hits="1"/>
						<line number="929" hits="0"/>
						<line number="931" hits="1"/>
						<line number="932" hits="0" branch="true" condition-coverage="0% (0/2)" missing-branches="exit,933"/>
						<line number="933" hits="0"/>
						<line number="935" hits="1"/>
						<line number="936" hits="0" branch="true" condition-coverage="0% (0/2)" missing-branches="exit,937"/>
						<line number="937" hits="0"/>
						<line number="942" hits="1"/>
						<line number="944" hits="1"/>
						<line number="945" hits="1"/>
						<line number="946" hits="1"/>
						<line number="947" hits="1"/>
						<line number="948" hits="1"/>
						<line number="949" hits="1"/>
						<line number="950" hits="1"/>
						<line number="951" hits="1"/>
						<line number="952" hits="1"/>
						<line number="953" hits="1"/>
						<line number="954" hits="1" branch="true" condition-coverage="100% (2/2)"/>
						<line number="955" hits="1"/>
						<line number="956" hits="1"/>
						<line number="957" hits="1"/>
						<line number="958" hits="1"/>
						<line number="959" hits="1"/>
						<line number="961" hits="1"/>
						<line number="962" hits="1"/>
						<line number="963" hits="0"/>
						<line number="964" hits="0"/>
						<line number="965" hits="0"/>
						<line number="966" hits="0"/>
						<line number="968" hits="1"/>
						<line number="969" hits="1"/>
						<line number="972" hits="1"/>
						<line number="973" hits="1"/>
						<line number="975" hits="1"/>
						<line number="976" hits="1"/>
						<line number="977" hits="1"/>
						<line number="979" hits="1"/>
						<line number="980" hits="0"/>
						<line number="983" hits="1"/>
						<line number="984" hits="0"/>
						<line number="986" hits="1"/>
						<line number="987" hits="0" branch="true" condition-coverage="0% (0/2)" missing-branches="exit,988"/>
						<line number="988" hits="0"/>
						<line number="990" hits="1"/>
						<line number="991" hits="0" branch="true" condition-coverage="0% (0/2)" missing-branches="exit,992"/>
						<line number="992" hits="0"/>
						<line number="997" hits="1"/>
						<line number="999" hits="1"/>
						<line number="1000" hits="1"/>
						<line number="1001" hits="1"/>
						<line number="1002" hits="1"/>
						<line number="1003" hits="1"/>
						<line number="1004" hits="1"/>
						<line number="1005" hits="0"/>
						<line number="1006" hits="0"/>
						<line number="1007" hits="0"/>
						<line number="1008" hits="0"/>
						<line number="1010" hits="1"/>
						<line number="1011" hits="1"/>
						<line number="1014" hits="1"/>
						<line number="1015" hits="1"/>
						<line number="1017" hits="1"/>
						<line number="1018" hits="1"/>
						<line number="1019" hits="1"/>
						<line number="1020" hits="1"/>
						<line number="1022" hits="1"/>
						<line number="1023" hits="0"/>
						<line number="1026" hits="1"/>
						<line number="1027" hits="0" branch="true" condition-coverage="0% (0/2)" missing-branches="1028,1030"/>
						<line number="1028" hits="0"/>
						<line number="1030" hits="0"/>
						<line number="1033" hits="1"/>
						<line number="1034" hits="0"/>
						<line number="1036" hits="1"/>
						<line number="1037" hits="0"/>
						<line number="1039" hits="1"/>
						<line number="1040" hits="0"/>
						<line number="1042" hits="1"/>
						<line number="1043" hits="0"/>
						<line number="1045" hits="1"/>
						<line number="1046" hits="0"/>
						<line number="1048" hits="1"/>
						<line number="1049" hits="0"/>
						<line number="1051" hits="1"/>
						<line number="1052" hits="0"/>
						<line number="1054" hits="1"/>
						<line number="1055" hits="0"/>
						<line number="1057" hits="1"/>
						<line number="1058" hits="0"/>
						<line number="1060" hits="1"/>
						<line number="1061" hits="0"/>
						<line number="1064" hits="1"/>
						<line number="1065" hits="0"/>
						<line number="1067" hits="1"/>
						<line number="1068" hits="0" branch="true" condition-coverage="0% (0/2)" missing-branches="exit,1069"/>
						<line number="1069" hits="0"/>
						<line number="1071" hits="1"/>
						<line number="1072" hits="0" branch="true" condition-coverage="0% (0/2)" missing-branches="exit,1073"/>
						<line number="1073" hits="0"/>
						<line number="1077" hits="1"/>
						<line number="1078" hits="1"/>
						<line number="1079" hits="1"/>
						<line number="1080" hits="1"/>
						<line number="1081" hits="1"/>
						<line number="1082" hits="1"/>
						<line number="1083" hits="1"/>
						<line number="1084" hits="1"/>
						<line number="1085" hits="1"/>
						<line number="1086" hits="1"/>
						<line number="1087" hits="1"/>
						<line number="1088" hits="1"/>
						<line number="1089" hits="1"/>
						<line number="1090" hits="1"/>
						<line number="1091" hits="1"/>
						<line number="1092" hits="1"/>
						<line number="1093" hits="1" branch="true" condition-coverage="100% (2/2)"/>
						<line number="1094" hits="1" branch="true" condition-coverage="50% (1/2)" missing-branches="1187"/>
						<line number="1095" hits="1" branch="true" condition-coverage="50% (1/2)" missing-branches="1096"/>
						<line number="1096" hits="0"/>
						<line number="1097" hits="1"/>
						<line number="1098" hits="1"/>
						<line number="1099" hits="1"/>
						<line number="1100" hits="1"/>
						<line number="1101" hits="1" branch="true" condition-coverage="100% (2/2)"/>
						<line number="1102" hits="1"/>
						<line number="1103" hits="1"/>
						<line number="1104" hits="1"/>
						<line number="1105" hits="1" branch="true" condition-coverage="50% (1/2)" missing-branches="1106"/>
						<line number="1106" hits="0"/>
						<line number="1107" hits="0"/>
						<line number="1108" hits="1"/>
						<line number="1109" hits="1"/>
						<line number="1110" hits="1"/>
						<line number="1111" hits="1" branch="true" condition-coverage="50% (1/2)" missing-branches="1112"/>
						<line number="1112" hits="0"/>
						<line number="1114" hits="1"/>
						<line number="1115" hits="1"/>
						<line number="1116" hits="1"/>
						<line number="1117" hits="1"/>
						<line number="1118" hits="1"/>
						<line number="1120" hits="1" branch="true" condition-coverage="100% (2/2)"/>
						<line number="1121" hits="1"/>
						<line number="1122" hits="1"/>
						<line number="1123" hits="1"/>
						<line number="1124" hits="1" branch="true" condition-coverage="50% (1/2)" missing-branches="1125"/>
						<line number="1125" hits="0"/>
						<line number="1126" hits="0"/>
						<line number="1127" hits="1"/>
						<line number="1128" hits="1"/>
						<line number="1129" hits="1"/>
						<line number="1130" hits="1" branch="true" condition-coverage="50% (1/2)" missing-branches="1131"/>
						<line number="1131" hits="0"/>
						<line number="1133" hits="1"/>
						<line number="1134" hits="1"/>
						<line number="1135" hits="1"/>
						<line number="1136" hits="1"/>
						<line number="1137" hits="1"/>
						<line number="1139" hits="1" branch="true" condition-coverage="100% (2/2)"/>
						<line number="1140" hits="1"/>
						<line number="1141" hits="1"/>
						<line number="1142" hits="1"/>
						<line number="1143" hits="1" branch="true" condition-coverage="50% (1/2)" missing-branches="1144"/>
						<line number="1144" hits="0"/>
						<line number="1145" hits="0"/>
						<line number="1146" hits="1"/>
						<line number="1147" hits="1"/>
						<line number="1148" hits="1"/>
						<line number="1149" hits="1"/>
						<line number="1150" hits="1"/>
						<line number="1152" hits="1" branch="true" condition-coverage="100% (2/2)"/>
						<line number="1153" hits="1"/>
						<line number="1154" hits="1"/>
						<line number="1155" hits="1"/>
						<line number="1156" hits="1" branch="true" condition-coverage="50% (1/2)" missing-branches="1157"/>
						<line number="1157" hits="0"/>
						<line number="1158" hits="0"/>
						<line number="1159" hits="1"/>
						<line number="1160" hits="1"/>
						<line number="1161" hits="1"/>
						<line number="1162" hits="1"/>
						<line number="1163" hits="1"/>
						<line number="1165" hits="1" branch="true" condition-coverage="50% (1/2)" missing-branches="1187"/>
						<line number="1166" hits="1"/>
						<line number="1167" hits="1"/>
						<line number="1168" hits="1"/>
						<line number="1169" hits="1" branch="true" condition-coverage="50% (1/2)" missing-branches="1170"/>
						<line number="1170" hits="0"/>
						<line number="1171" hits="0"/>
						<line number="1172" hits="1"/>
						<line number="1173" hits="1"/>
						<line number="1174" hits="1"/>
						<line number="1175" hits="1"/>
						<line number="1176" hits="1"/>
						<line number="1177" hits="1" branch="true" condition-coverage="100% (2/2)"/>
						<line number="1178" hits="1"/>
						<line number="1179" hits="1"/>
						<line number="1182" hits="1"/>
						<line number="1183" hits="1"/>
						<line number="1184" hits="1"/>
						<line number="1187" hits="1"/>
						<line number="1188" hits="1"/>
						<line number="1189" hits="1"/>
						<line number="1191" hits="0"/>
						<line number="1192" hits="0"/>
						<line number="1193" hits="0"/>
						<line number="1194" hits="0"/>
						<line number="1196" hits="1"/>
						<line number="1197" hits="1"/>
						<line number="1200" hits="1"/>
						<line number="1201" hits="1"/>
						<line number="1203" hits="1"/>
						<line number="1204" hits="1"/>
						<line number="1205" hits="1"/>
						<line number="1207" hits="1"/>
						<line number="1208" hits="0"/>
						<line number="1210" hits="1"/>
						<line number="1211" hits="0"/>
						<line number="1213" hits="1"/>
						<line number="1214" hits="0"/>
						<line number="1216" hits="1"/>
						<line number="1217" hits="0"/>
						<line number="1219" hits="1"/>
						<line number="1220" hits="0"/>
						<line number="1222" hits="1"/>
						<line number="1223" hits="0"/>
						<line number="1225" hits="1"/>
						<line number="1226" hits="0"/>
						<line number="1229" hits="1"/>
						<line number="1230" hits="0"/>
						<line number="1232" hits="1"/>
						<line number="1233" hits="0"/>
						<line number="1235" hits="1"/>
						<line number="1236" hits="0" branch="true" condition-coverage="0% (0/2)" missing-branches="exit,1237"/>
						<line number="1237" hits="0"/>
						<line number="1239" hits="1"/>
						<line number="1240" hits="0" branch="true" condition-coverage="0% (0/2)" missing-branches="exit,1241"/>
						<line number="1241" hits="0"/>
						<line number="1246" hits="1"/>
						<line number="1248" hits="1"/>
						<line number="1249" hits="1"/>
						<line number="1250" hits="1"/>
						<line number="1251" hits="1"/>
						<line number="1252" hits="1"/>
						<line number="1253" hits="1"/>
						<line number="1254" hits="1" branch="true" condition-coverage="100% (2/2)"/>
						<line number="1255" hits="1"/>
						<line number="1256" hits="1"/>
						<line number="1257" hits="1"/>
						<line number="1258" hits="1"/>
						<line number="1259" hits="1" branch="true" condition-coverage="100% (2/2)"/>
						<line number="1260" hits="1"/>
						<line number="1261" hits="1"/>
						<line number="1262" hits="1"/>
						<line number="1263" hits="1"/>
						<line number="1264" hits="1" branch="true" condition-coverage="100% (2/2)"/>
						<line number="1265" hits="1"/>
						<line number="1266" hits="1"/>
						<line number="1267" hits="1"/>
						<line number="1268" hits="1"/>
						<line number="1269" hits="1" branch="true" condition-coverage="50% (1/2)" missing-branches="1270"/>
						<line number="1270" hits="0"/>
						<line number="1271" hits="0"/>
						<line number="1272" hits="0"/>
						<line number="1273" hits="0"/>
						<line number="1274" hits="1" branch="true" condition-coverage="100% (2/2)"/>
						<line number="1275" hits="1"/>
						<line number="1276" hits="1"/>
						<line number="1277" hits="1"/>
						<line number="1278" hits="1"/>
						<line number="1279" hits="1" branch="true" condition-coverage="50% (1/2)" missing-branches="1289"/>
						<line number="1280" hits="1"/>
						<line number="1281" hits="1"/>
						<line number="1282" hits="1"/>
						<line number="1283" hits="1"/>
						<line number="1284" hits="1"/>
						<line number="1285" hits="1"/>
						<line number="1286" hits="1"/>
						<line number="1287" hits="1"/>
						<line number="1289" hits="0"/>
						<line number="1291" hits="1"/>
						<line number="1292" hits="1"/>
						<line number="1293" hits="1"/>
						<line number="1294" hits="1"/>
						<line number="1296" hits="1"/>
						<line number="1297" hits="1"/>
						<line number="1300" hits="1"/>
						<line number="1301" hits="1"/>
						<line number="1303" hits="1"/>
						<line number="1304" hits="1"/>
						<line number="1305" hits="1"/>
						<line number="1307" hits="1"/>
						<line number="1308" hits="0" branch="true" condition-coverage="0% (0/2)" missing-branches="1309,1311"/>
						<line number="1309" hits="0"/>
						<line number="1311" hits="0"/>
						<line number="1314" hits="1"/>
						<line number="1315" hits="0" branch="true" condition-coverage="0% (0/2)" missing-branches="1316,1318"/>
						<line number="1316" hits="0"/>
						<line number="1318" hits="0"/>
						<line number="1320" hits="1"/>
						<line number="1321" hits="0"/>
						<line number="1323" hits="1"/>
						<line number="1324" hits="0" branch="true" condition-coverage="0% (0/2)" missing-branches="exit,1325"/>
						<line number="1325" hits="0"/>
						<line number="1327" hits="1"/>
						<line number="1328" hits="0" branch="true" condition-coverage="0% (0/2)" missing-branches="exit,1329"/>
						<line number="1329" hits="0"/>
						<line number="1334" hits="1"/>
						<line number="1336" hits="1"/>
						<line number="1337" hits="1"/>
						<line number="1338" hits="1"/>
						<line number="1339" hits="1"/>
						<line number="1340" hits="1"/>
						<line number="1341" hits="1"/>
						<line number="1342" hits="1"/>
						<line number="1343" hits="1"/>
						<line number="1344" hits="1"/>
						<line number="1345" hits="1"/>
						<line number="1346" hits="1" branch="true" condition-coverage="50% (1/2)" missing-branches="1347"/>
						<line number="1347" hits="0"/>
						<line number="1348" hits="0"/>
						<line number="1349" hits="0"/>
						<line number="1350" hits="0"/>
						<line number="1351" hits="0"/>
						<line number="1352" hits="0"/>
						<line number="1353" hits="0"/>
						<line number="1355" hits="0"/>
						<line number="1356" hits="0"/>
						<line number="1357" hits="0"/>
						<line number="1358" hits="0"/>
						<line number="1360" hits="1"/>
						<line number="1361" hits="1"/>
						<line number="1364" hits="1"/>
						<line number="1365" hits="1"/>
						<line number="1367" hits="1"/>
						<line number="1368" hits="0"/>
						<line number="1369" hits="0"/>
						<line number="1371" hits="1"/>
						<line number="1372" hits="0"/>
						<line number="1374" hits="1"/>
						<line number="1375" hits="0"/>
						<line number="1377" hits="1"/>
						<line number="1378" hits="0"/>
						<line number="1381" hits="1"/>
						<line number="1382" hits="0"/>
						<line number="1384" hits="1"/>
						<line number="1385" hits="0" branch="true" condition-coverage="0% (0/2)" missing-branches="exit,1386"/>
						<line number="1386" hits="0"/>
						<line number="1388" hits="1"/>
						<line number="1389" hits="0" branch="true" condition-coverage="0% (0/2)" missing-branches="exit,1390"/>
						<line number="1390" hits="0"/>
						<line number="1395" hits="1"/>
						<line number="1397" hits="0"/>
						<line number="1398" hits="0"/>
						<line number="1399" hits="0"/>
						<line number="1400" hits="0"/>
						<line number="1401" hits="0"/>
						<line number="1402" hits="0"/>
						<line number="1403" hits="0"/>
						<line number="1404" hits="0"/>
						<line number="1405" hits="0"/>
						<line number="1406" hits="0"/>
						<line number="1407" hits="0"/>
						<line number="1408" hits="0"/>
						<line number="1409" hits="0"/>
						<line number="1410" hits="0"/>
						<line number="1412" hits="0"/>
						<line number="1413" hits="0"/>
						<line number="1416" hits="1"/>
						<line number="1417" hits="1"/>
						<line number="1419" hits="1"/>
						<line number="1420" hits="0"/>
						<line number="1421" hits="0"/>
						<line number="1423" hits="1"/>
						<line number="1424" hits="0"/>
						<line number="1426" hits="1"/>
						<line number="1427" hits="0" branch="true" condition-coverage="0% (0/2)" missing-branches="1428,1430"/>
						<line number="1428" hits="0"/>
						<line number="1430" hits="0"/>
						<line number="1432" hits="1"/>
						<line number="1433" hits="0"/>
						<line number="1435" hits="1"/>
						<line number="1436" hits="0"/>
						<line number="1438" hits="1"/>
						<line number="1439" hits="0"/>
						<line number="1442" hits="1"/>
						<line number="1443" hits="0"/>
						<line number="1445" hits="1"/>
						<line number="1446" hits="0"/>
						<line number="1448" hits="1"/>
						<line number="1449" hits="0" branch="true" condition-coverage="0% (0/2)" missing-branches="exit,1450"/>
						<line number="1450" hits="0"/>
						<line number="1452" hits="1"/>
						<line number="1453" hits="0" branch="true" condition-coverage="0% (0/2)" missing-branches="exit,1454"/>
						<line number="1454" hits="0"/>
						<line number="1459" hits="1"/>
						<line number="1461" hits="0"/>
						<line number="1462" hits="0"/>
						<line number="1463" hits="0"/>
						<line number="1464" hits="0"/>
						<line number="1465" hits="0"/>
						<line number="1466" hits="0"/>
						<line number="1467" hits="0"/>
						<line number="1468" hits="0"/>
						<line number="1469" hits="0"/>
						<line number="1470" hits="0"/>
						<line number="1471" hits="0"/>
						<line number="1472" hits="0"/>
						<line number="1473" hits="0" branch="true" condition-coverage="0% (0/2)" missing-branches="1474,1480"/>
						<line number="1474" hits="0"/>
						<line number="1475" hits="0"/>
						<line number="1476" hits="0"/>
						<line number="1477" hits="0"/>
						<line number="1480" hits="0"/>
						<line number="1481" hits="0"/>
						<line number="1482" hits="0"/>
						<line number="1483" hits="0"/>
						<line number="1484" hits="0"/>
						<line number="1485" hits="0"/>
						<line number="1486" hits="0"/>
						<line number="1487" hits="0"/>
						<line number="1488" hits="0"/>
						<line number="1489" hits="0"/>
						<line number="1491" hits="0"/>
						<line number="1492" hits="0"/>
						<line number="1496" hits="1"/>
						<line number="1497" hits="0" branch="true" condition-coverage="0% (0/2)" missing-branches="1498,1499"/>
						<line number="1498" hits="0"/>
						<line number="1499" hits="0"/>
						<line number="1500" hits="0"/>
						<line number="1501" hits="0" branch="true" condition-coverage="0% (0/2)" missing-branches="1502,1504"/>
						<line number="1502" hits="0"/>
						<line number="1504" hits="0"/>
						<line number="1506" hits="1"/>
						<line number="1507" hits="0" branch="true" condition-coverage="0% (0/2)" missing-branches="1508,1511"/>
						<line number="1508" hits="0"/>
						<line number="1511" hits="0" branch="true" condition-coverage="0% (0/2)" missing-branches="1512,1515"/>
						<line number="1512" hits="0"/>
						<line number="1515" hits="0" branch="true" condition-coverage="0% (0/2)" missing-branches="1516,1519"/>
						<line number="1516" hits="0"/>
						<line number="1519" hits="0" branch="true" condition-coverage="0% (0/2)" missing-branches="1520,1523"/>
						<line number="1520" hits="0"/>
						<line number="1523" hits="0" branch="true" condition-coverage="0% (0/2)" missing-branches="exit,1524"/>
						<line number="1524" hits="0"/>
					</lines>
				</class>
				<class name="cpj_ast_generator.py" filename="cpj_ast_generator.py" complexity="0" line-rate="0" branch-rate="0">
					<methods/>
					<lines>
						<line number="6" hits="0"/>
						<line number="7" hits="0"/>
						<line number="8" hits="0"/>
						<line number="9" hits="0"/>
						<line number="11" hits="0"/>
						<line number="14" hits="0"/>
						<line number="16" hits="0"/>
						<line number="17" hits="0" branch="true" condition-coverage="0% (0/2)" missing-branches="18,19"/>
						<line number="18" hits="0"/>
						<line number="19" hits="0"/>
						<line number="21" hits="0"/>
						<line number="23" hits="0"/>
						<line number="25" hits="0"/>
						<line number="28" hits="0"/>
						<line number="29" hits="0"/>
						<line number="30" hits="0"/>
						<line number="32" hits="0"/>
						<line number="34" hits="0"/>
						<line number="35" hits="0"/>
						<line number="36" hits="0"/>
						<line number="37" hits="0"/>
						<line number="38" hits="0"/>
						<line number="40" hits="0"/>
						<line number="42" hits="0"/>
						<line number="45" hits="0" branch="true" condition-coverage="0% (0/2)" missing-branches="46,49"/>
						<line number="46" hits="0"/>
						<line number="49" hits="0"/>
						<line number="50" hits="0" branch="true" condition-coverage="0% (0/2)" missing-branches="51,55"/>
						<line number="51" hits="0"/>
						<line number="52" hits="0" branch="true" condition-coverage="0% (0/2)" missing-branches="50,53"/>
						<line number="53" hits="0"/>
						<line number="54" hits="0"/>
						<line number="55" hits="0"/>
						<line number="58" hits="0"/>
						<line number="59" hits="0" branch="true" condition-coverage="0% (0/2)" missing-branches="60,64"/>
						<line number="60" hits="0"/>
						<line number="61" hits="0" branch="true" condition-coverage="0% (0/2)" missing-branches="59,62"/>
						<line number="62" hits="0"/>
						<line number="63" hits="0"/>
						<line number="64" hits="0"/>
						<line number="67" hits="0"/>
						<line number="68" hits="0" branch="true" condition-coverage="0% (0/2)" missing-branches="69,72"/>
						<line number="69" hits="0"/>
						<line number="70" hits="0" branch="true" condition-coverage="0% (0/2)" missing-branches="68,71"/>
						<line number="71" hits="0"/>
						<line number="72" hits="0"/>
						<line number="74" hits="0"/>
						<line number="75" hits="0"/>
						<line number="77" hits="0"/>
						<line number="79" hits="0"/>
						<line number="82" hits="0"/>
						<line number="83" hits="0" branch="true" condition-coverage="0% (0/2)" missing-branches="84,88"/>
						<line number="84" hits="0"/>
						<line number="85" hits="0" branch="true" condition-coverage="0% (0/2)" missing-branches="83,86"/>
						<line number="86" hits="0"/>
						<line number="87" hits="0"/>
						<line number="88" hits="0"/>
						<line number="91" hits="0" branch="true" condition-coverage="0% (0/2)" missing-branches="92,94"/>
						<line number="92" hits="0"/>
						<line number="94" hits="0"/>
						<line number="95" hits="0"/>
						<line number="97" hits="0"/>
						<line number="99" hits="0"/>
						<line number="102" hits="0"/>
						<line number="103" hits="0" branch="true" condition-coverage="0% (0/2)" missing-branches="104,108"/>
						<line number="104" hits="0"/>
						<line number="105" hits="0" branch="true" condition-coverage="0% (0/2)" missing-branches="103,106"/>
						<line number="106" hits="0"/>
						<line number="107" hits="0"/>
						<line number="108" hits="0"/>
						<line number="111" hits="0"/>
						<line number="112" hits="0" branch="true" condition-coverage="0% (0/2)" missing-branches="113,117"/>
						<line number="113" hits="0"/>
						<line number="114" hits="0" branch="true" condition-coverage="0% (0/2)" missing-branches="112,115"/>
						<line number="115" hits="0"/>
						<line number="116" hits="0"/>
						<line number="117" hits="0"/>
						<line number="119" hits="0"/>
						<line number="120" hits="0"/>
						<line number="122" hits="0"/>
						<line number="125" hits="0" branch="true" condition-coverage="0% (0/2)" missing-branches="126,127"/>
						<line number="126" hits="0"/>
						<line number="127" hits="0"/>
						<line number="129" hits="0"/>
						<line number="131" hits="0"/>
						<line number="133" hits="0"/>
						<line number="134" hits="0" branch="true" condition-coverage="0% (0/2)" missing-branches="135,138"/>
						<line number="135" hits="0"/>
						<line number="136" hits="0" branch="true" condition-coverage="0% (0/2)" missing-branches="134,137"/>
						<line number="137" hits="0"/>
						<line number="138" hits="0"/>
						<line number="140" hits="0"/>
						<line number="141" hits="0"/>
						<line number="143" hits="0"/>
						<line number="145" hits="0"/>
						<line number="146" hits="0"/>
						<line number="147" hits="0" branch="true" condition-coverage="0% (0/2)" missing-branches="148,149"/>
						<line number="148" hits="0"/>
						<line number="149" hits="0"/>
						<line number="151" hits="0"/>
						<line number="153" hits="0"/>
						<line number="154" hits="0"/>
						<line number="155" hits="0"/>
						<line number="157" hits="0"/>
						<line number="159" hits="0"/>
						<line number="161" hits="0" branch="true" condition-coverage="0% (0/2)" missing-branches="162,163"/>
						<line number="162" hits="0"/>
						<line number="163" hits="0"/>
						<line number="164" hits="0"/>
						<line number="165" hits="0"/>
						<line number="167" hits="0"/>
						<line number="168" hits="0"/>
						<line number="170" hits="0"/>
						<line number="172" hits="0"/>
						<line number="173" hits="0"/>
						<line number="174" hits="0"/>
						<line number="176" hits="0"/>
						<line number="178" hits="0"/>
						<line number="179" hits="0"/>
						<line number="181" hits="0"/>
						<line number="183" hits="0"/>
						<line number="185" hits="0"/>
						<line number="186" hits="0" branch="true" condition-coverage="0% (0/2)" missing-branches="187,190"/>
						<line number="187" hits="0"/>
						<line number="188" hits="0" branch="true" condition-coverage="0% (0/2)" missing-branches="186,189"/>
						<line number="189" hits="0"/>
						<line number="190" hits="0"/>
						<line number="192" hits="0"/>
						<line number="193" hits="0" branch="true" condition-coverage="0% (0/2)" missing-branches="194,197"/>
						<line number="194" hits="0"/>
						<line number="195" hits="0" branch="true" condition-coverage="0% (0/2)" missing-branches="193,196"/>
						<line number="196" hits="0"/>
						<line number="197" hits="0"/>
						<line number="199" hits="0"/>
						<line number="201" hits="0"/>
						<line number="203" hits="0"/>
						<line number="204" hits="0"/>
						<line number="207" hits="0"/>
						<line number="209" hits="0"/>
						<line number="211" hits="0"/>
						<line number="213" hits="0"/>
						<line number="215" hits="0"/>
						<line number="217" hits="0"/>
						<line number="219" hits="0"/>
						<line number="221" hits="0" branch="true" condition-coverage="0% (0/2)" missing-branches="222,224"/>
						<line number="222" hits="0" branch="true" condition-coverage="0% (0/2)" missing-branches="221,223"/>
						<line number="223" hits="0"/>
						<line number="224" hits="0"/>
						<line number="227" hits="0" branch="true" condition-coverage="0% (0/2)" missing-branches="exit,229"/>
						<line number="229" hits="0"/>
						<line number="230" hits="0"/>
						<line number="232" hits="0"/>
						<line number="262" hits="0"/>
						<line number="263" hits="0"/>
						<line number="264" hits="0"/>
						<line number="265" hits="0"/>
						<line number="267" hits="0"/>
						<line number="268" hits="0"/>
						<line number="270" hits="0"/>
						<line number="271" hits="0" branch="true" condition-coverage="0% (0/2)" missing-branches="exit,272"/>
						<line number="272" hits="0"/>
						<line number="273" hits="0" branch="true" condition-coverage="0% (0/2)" missing-branches="exit,274"/>
						<line number="274" hits="0"/>
					</lines>
				</class>
				<class name="cpj_connector.py" filename="cpj_connector.py" complexity="0" line-rate="0.02439" branch-rate="0">
					<methods/>
					<lines>
						<line number="11" hits="1"/>
						<line number="12" hits="1"/>
						<line number="13" hits="1"/>
						<line number="14" hits="1"/>
						<line number="15" hits="1"/>
						<line number="16" hits="1"/>
						<line number="17" hits="0"/>
						<line number="18" hits="0"/>
						<line number="19" hits="0"/>
						<line number="20" hits="0"/>
						<line number="21" hits="0"/>
						<line number="22" hits="0"/>
						<line number="24" hits="0"/>
						<line number="25" hits="0"/>
						<line number="27" hits="0"/>
						<line number="28" hits="0"/>
						<line number="29" hits="0"/>
						<line number="32" hits="0"/>
						<line number="33" hits="0"/>
						<line number="34" hits="0"/>
						<line number="36" hits="0"/>
						<line number="37" hits="0"/>
						<line number="38" hits="0"/>
						<line number="39" hits="0"/>
						<line number="40" hits="0"/>
						<line number="41" hits="0"/>
						<line number="43" hits="0"/>
						<line number="45" hits="0" branch="true" condition-coverage="0% (0/2)" missing-branches="46,49"/>
						<line number="46" hits="0"/>
						<line number="47" hits="0"/>
						<line number="49" hits="0" branch="true" condition-coverage="0% (0/2)" missing-branches="50,56"/>
						<line number="50" hits="0"/>
						<line number="51" hits="0"/>
						<line number="56" hits="0" branch="true" condition-coverage="0% (0/2)" missing-branches="exit,58"/>
						<line number="58" hits="0"/>
						<line number="59" hits="0" branch="true" condition-coverage="0% (0/2)" missing-branches="exit,60"/>
						<line number="60" hits="0"/>
						<line number="61" hits="0"/>
						<line number="62" hits="0" branch="true" condition-coverage="0% (0/2)" missing-branches="exit,63"/>
						<line number="63" hits="0"/>
						<line number="64" hits="0"/>
						<line number="65" hits="0"/>
						<line number="66" hits="0"/>
						<line number="68" hits="0"/>
						<line number="70" hits="0"/>
						<line number="71" hits="0" branch="true" condition-coverage="0% (0/2)" missing-branches="72,76"/>
						<line number="72" hits="0" branch="true" condition-coverage="0% (0/2)" missing-branches="71,73"/>
						<line number="73" hits="0"/>
						<line number="74" hits="0" branch="true" condition-coverage="0% (0/2)" missing-branches="71,75"/>
						<line number="75" hits="0"/>
						<line number="76" hits="0"/>
						<line number="78" hits="0"/>
						<line number="80" hits="0"/>
						<line number="81" hits="0" branch="true" condition-coverage="0% (0/2)" missing-branches="82,86"/>
						<line number="82" hits="0" branch="true" condition-coverage="0% (0/2)" missing-branches="81,83"/>
						<line number="83" hits="0"/>
						<line number="84" hits="0" branch="true" condition-coverage="0% (0/2)" missing-branches="81,85"/>
						<line number="85" hits="0"/>
						<line number="86" hits="0"/>
						<line number="88" hits="0"/>
						<line number="90" hits="0"/>
						<line number="91" hits="0" branch="true" condition-coverage="0% (0/2)" missing-branches="92,96"/>
						<line number="92" hits="0" branch="true" condition-coverage="0% (0/2)" missing-branches="91,93"/>
						<line number="93" hits="0"/>
						<line number="94" hits="0" branch="true" condition-coverage="0% (0/2)" missing-branches="91,95"/>
						<line number="95" hits="0"/>
						<line number="96" hits="0"/>
						<line number="98" hits="0"/>
						<line number="100" hits="0" branch="true" condition-coverage="0% (0/2)" missing-branches="exit,101"/>
						<line number="101" hits="0"/>
						<line number="102" hits="0"/>
						<line number="103" hits="0" branch="true" condition-coverage="0% (0/2)" missing-branches="exit,104"/>
						<line number="104" hits="0"/>
						<line number="106" hits="0"/>
						<line number="108" hits="0" branch="true" condition-coverage="0% (0/2)" missing-branches="exit,109"/>
						<line number="109" hits="0"/>
						<line number="110" hits="0" branch="true" condition-coverage="0% (0/2)" missing-branches="111,112"/>
						<line number="111" hits="0"/>
						<line number="112" hits="0"/>
						<line number="114" hits="0"/>
						<line number="116" hits="0" branch="true" condition-coverage="0% (0/2)" missing-branches="exit,117"/>
						<line number="117" hits="0"/>
						<line number="118" hits="0"/>
						<line number="119" hits="0"/>
						<line number="120" hits="0"/>
						<line number="122" hits="0" branch="true" condition-coverage="0% (0/2)" missing-branches="exit,123"/>
						<line number="123" hits="0" branch="true" condition-coverage="0% (0/2)" missing-branches="124,130"/>
						<line number="124" hits="0"/>
						<line number="125" hits="0"/>
						<line number="126" hits="0"/>
						<line number="127" hits="0"/>
						<line number="128" hits="0"/>
						<line number="130" hits="0"/>
						<line number="131" hits="0"/>
						<line number="134" hits="0"/>
						<line number="138" hits="0"/>
						<line number="154" hits="0"/>
						<line number="156" hits="0"/>
						<line number="159" hits="0"/>
						<line number="165" hits="0"/>
						<line number="166" hits="0" branch="true" condition-coverage="0% (0/2)" missing-branches="167,168"/>
						<line number="167" hits="0"/>
						<line number="168" hits="0"/>
						<line number="170" hits="0"/>
						<line number="171" hits="0" branch="true" condition-coverage="0% (0/2)" missing-branches="173,177"/>
						<line number="173" hits="0"/>
						<line number="174" hits="0"/>
						<line number="175" hits="0"/>
						<line number="177" hits="0"/>
						<line number="178" hits="0"/>
						<line number="179" hits="0" branch="true" condition-coverage="0% (0/2)" missing-branches="180,193"/>
						<line number="180" hits="0"/>
						<line number="181" hits="0" branch="true" condition-coverage="0% (0/2)" missing-branches="182,192"/>
						<line number="182" hits="0" branch="true" condition-coverage="0% (0/2)" missing-branches="183,191"/>
						<line number="183" hits="0"/>
						<line number="184" hits="0"/>
						<line number="185" hits="0"/>
						<line number="186" hits="0" branch="true" condition-coverage="0% (0/2)" missing-branches="187,191"/>
						<line number="187" hits="0"/>
						<line number="188" hits="0"/>
						<line number="189" hits="0"/>
						<line number="190" hits="0"/>
						<line number="191" hits="0"/>
						<line number="192" hits="0"/>
						<line number="193" hits="0"/>
						<line number="196" hits="0"/>
						<line number="198" hits="0" branch="true" condition-coverage="0% (0/2)" missing-branches="199,200"/>
						<line number="199" hits="0"/>
						<line number="200" hits="0"/>
						<line number="201" hits="0"/>
						<line number="202" hits="0"/>
						<line number="206" hits="0"/>
						<line number="208" hits="0"/>
						<line number="209" hits="0"/>
						<line number="210" hits="0"/>
						<line number="211" hits="0"/>
						<line number="213" hits="0"/>
						<line number="214" hits="0" branch="true" condition-coverage="0% (0/2)" missing-branches="exit,215"/>
						<line number="215" hits="0"/>
						<line number="216" hits="0" branch="true" condition-coverage="0% (0/2)" missing-branches="217,233"/>
						<line number="217" hits="0"/>
						<line number="218" hits="0"/>
						<line number="219" hits="0" branch="true" condition-coverage="0% (0/2)" missing-branches="221,233"/>
						<line number="221" hits="0"/>
						<line number="223" hits="0"/>
						<line number="224" hits="0"/>
						<line number="226" hits="0"/>
						<line number="227" hits="0"/>
						<line number="228" hits="0"/>
						<line number="229" hits="0" branch="true" condition-coverage="0% (0/2)" missing-branches="230,233"/>
						<line number="230" hits="0"/>
						<line number="231" hits="0"/>
						<line number="232" hits="0"/>
						<line number="233" hits="0"/>
						<line number="234" hits="0"/>
						<line number="235" hits="0"/>
						<line number="237" hits="0"/>
						<line number="238" hits="0"/>
						<line number="240" hits="0"/>
						<line number="245" hits="0"/>
						<line number="246" hits="0"/>
						<line number="248" hits="0"/>
						<line number="260" hits="0"/>
						<line number="261" hits="0"/>
						<line number="264" hits="0" branch="true" condition-coverage="0% (0/2)" missing-branches="265,274"/>
						<line number="265" hits="0"/>
						<line number="266" hits="0" branch="true" condition-coverage="0% (0/2)" missing-branches="267,271"/>
						<line number="267" hits="0"/>
						<line number="268" hits="0"/>
						<line number="269" hits="0"/>
						<line number="271" hits="0"/>
						<line number="272" hits="0"/>
						<line number="274" hits="0" branch="true" condition-coverage="0% (0/2)" missing-branches="275,288"/>
						<line number="275" hits="0"/>
						<line number="276" hits="0" branch="true" condition-coverage="0% (0/2)" missing-branches="277,281"/>
						<line number="277" hits="0"/>
						<line number="278" hits="0"/>
						<line number="279" hits="0"/>
						<line number="281" hits="0"/>
						<line number="282" hits="0" branch="true" condition-coverage="0% (0/2)" missing-branches="283,285"/>
						<line number="283" hits="0"/>
						<line number="284" hits="0"/>
						<line number="285" hits="0"/>
						<line number="286" hits="0"/>
						<line number="288" hits="0" branch="true" condition-coverage="0% (0/2)" missing-branches="289,304"/>
						<line number="289" hits="0"/>
						<line number="290" hits="0" branch="true" condition-coverage="0% (0/2)" missing-branches="291,295"/>
						<line number="291" hits="0"/>
						<line number="292" hits="0"/>
						<line number="293" hits="0"/>
						<line number="295" hits="0"/>
						<line number="296" hits="0" branch="true" condition-coverage="0% (0/2)" missing-branches="297,299"/>
						<line number="297" hits="0"/>
						<line number="298" hits="0"/>
						<line number="299" hits="0"/>
						<line number="300" hits="0"/>
						<line number="301" hits="0"/>
						<line number="304" hits="0"/>
						<line number="307" hits="0"/>
						<line number="330" hits="0"/>
						<line number="331" hits="0"/>
						<line number="332" hits="0"/>
						<line number="334" hits="0"/>
						<line number="335" hits="0"/>
						<line number="336" hits="0"/>
						<line number="338" hits="0"/>
						<line number="339" hits="0"/>
						<line number="340" hits="0" branch="true" condition-coverage="0% (0/2)" missing-branches="341,342"/>
						<line number="341" hits="0"/>
						<line number="342" hits="0"/>
						<line number="343" hits="0"/>
						<line number="344" hits="0"/>
						<line number="345" hits="0"/>
						<line number="346" hits="0"/>
						<line number="351" hits="0"/>
						<line number="353" hits="0"/>
						<line number="355" hits="0"/>
						<line number="356" hits="0"/>
						<line number="357" hits="0"/>
						<line number="359" hits="0"/>
						<line number="360" hits="0"/>
						<line number="361" hits="0"/>
						<line number="362" hits="0"/>
						<line number="363" hits="0"/>
						<line number="364" hits="0"/>
						<line number="365" hits="0"/>
						<line number="366" hits="0"/>
						<line number="367" hits="0"/>
						<line number="368" hits="0"/>
						<line number="369" hits="0"/>
						<line number="370" hits="0"/>
						<line number="373" hits="0" branch="true" condition-coverage="0% (0/2)" missing-branches="exit,375"/>
						<line number="375" hits="0" branch="true" condition-coverage="0% (0/2)" missing-branches="376,378"/>
						<line number="376" hits="0"/>
						<line number="377" hits="0"/>
						<line number="378" hits="0" branch="true" condition-coverage="0% (0/2)" missing-branches="exit,379"/>
						<line number="379" hits="0"/>
						<line number="380" hits="0" branch="true" condition-coverage="0% (0/2)" missing-branches="381,386"/>
						<line number="381" hits="0"/>
						<line number="382" hits="0"/>
						<line number="383" hits="0"/>
						<line number="384" hits="0"/>
						<line number="385" hits="0"/>
						<line number="386" hits="0" branch="true" condition-coverage="0% (0/2)" missing-branches="387,389"/>
						<line number="387" hits="0"/>
						<line number="389" hits="0"/>
					</lines>
				</class>
				<class name="cpj_enhanced_lexer.py" filename="cpj_enhanced_lexer.py" complexity="0" line-rate="0" branch-rate="0">
					<methods/>
					<lines>
						<line number="6" hits="0"/>
						<line number="7" hits="0"/>
						<line number="8" hits="0"/>
						<line number="13" hits="0"/>
						<line number="15" hits="0"/>
						<line number="20" hits="0"/>
						<line number="42" hits="0"/>
						<line number="47" hits="0"/>
						<line number="48" hits="0"/>
						<line number="49" hits="0"/>
						<line number="50" hits="0"/>
						<line number="51" hits="0"/>
						<line number="52" hits="0"/>
						<line number="53" hits="0"/>
						<line number="54" hits="0"/>
						<line number="55" hits="0"/>
						<line number="56" hits="0"/>
						<line number="57" hits="0"/>
						<line number="58" hits="0"/>
						<line number="59" hits="0"/>
						<line number="62" hits="0"/>
						<line number="76" hits="0"/>
						<line number="78" hits="0"/>
						<line number="81" hits="0" branch="true" condition-coverage="0% (0/2)" missing-branches="82,85"/>
						<line number="82" hits="0"/>
						<line number="85" hits="0"/>
						<line number="87" hits="0" branch="true" condition-coverage="0% (0/2)" missing-branches="89,92"/>
						<line number="89" hits="0"/>
						<line number="90" hits="0"/>
						<line number="92" hits="0" branch="true" condition-coverage="0% (0/2)" missing-branches="94,102"/>
						<line number="94" hits="0" branch="true" condition-coverage="0% (0/2)" missing-branches="95,98"/>
						<line number="95" hits="0"/>
						<line number="96" hits="0"/>
						<line number="98" hits="0" branch="true" condition-coverage="0% (0/2)" missing-branches="100,102"/>
						<line number="100" hits="0"/>
						<line number="102" hits="0"/>
						<line number="104" hits="0"/>
						<line number="106" hits="0"/>
						<line number="108" hits="0" branch="true" condition-coverage="0% (0/2)" missing-branches="109,115"/>
						<line number="109" hits="0"/>
						<line number="110" hits="0"/>
						<line number="112" hits="0" branch="true" condition-coverage="0% (0/2)" missing-branches="113,124"/>
						<line number="113" hits="0"/>
						<line number="115" hits="0" branch="true" condition-coverage="0% (0/2)" missing-branches="116,124"/>
						<line number="116" hits="0" branch="true" condition-coverage="0% (0/2)" missing-branches="117,121"/>
						<line number="117" hits="0" branch="true" condition-coverage="0% (0/2)" missing-branches="118,124"/>
						<line number="118" hits="0"/>
						<line number="119" hits="0"/>
						<line number="121" hits="0"/>
						<line number="122" hits="0"/>
						<line number="124" hits="0"/>
						<line number="126" hits="0"/>
						<line number="128" hits="0"/>
						<line number="130" hits="0" branch="true" condition-coverage="0% (0/2)" missing-branches="132,147"/>
						<line number="132" hits="0"/>
						<line number="133" hits="0" branch="true" condition-coverage="0% (0/2)" missing-branches="134,147"/>
						<line number="134" hits="0" branch="true" condition-coverage="0% (0/2)" missing-branches="135,136"/>
						<line number="135" hits="0"/>
						<line number="136" hits="0" branch="true" condition-coverage="0% (0/2)" missing-branches="137,145"/>
						<line number="137" hits="0"/>
						<line number="139" hits="0"/>
						<line number="140" hits="0"/>
						<line number="142" hits="0" branch="true" condition-coverage="0% (0/2)" missing-branches="133,143"/>
						<line number="143" hits="0"/>
						<line number="145" hits="0"/>
						<line number="147" hits="0"/>
						<line number="149" hits="0"/>
						<line number="151" hits="0"/>
						<line number="153" hits="0" branch="true" condition-coverage="0% (0/2)" missing-branches="154,158"/>
						<line number="154" hits="0"/>
						<line number="155" hits="0" branch="true" condition-coverage="0% (0/2)" missing-branches="156,158"/>
						<line number="156" hits="0"/>
						<line number="158" hits="0"/>
						<line number="160" hits="0"/>
						<line number="162" hits="0"/>
						<line number="164" hits="0"/>
						<line number="166" hits="0"/>
						<line number="167" hits="0" branch="true" condition-coverage="0% (0/2)" missing-branches="168,169"/>
						<line number="168" hits="0"/>
						<line number="169" hits="0"/>
						<line number="171" hits="0"/>
						<line number="173" hits="0"/>
						<line number="174" hits="0" branch="true" condition-coverage="0% (0/2)" missing-branches="175,177"/>
						<line number="175" hits="0"/>
						<line number="177" hits="0"/>
						<line number="178" hits="0"/>
						<line number="180" hits="0"/>
						<line number="181" hits="0"/>
						<line number="182" hits="0"/>
					</lines>
				</class>
				<class name="cpj_enums.py" filename="cpj_enums.py" complexity="0" line-rate="1" branch-rate="1">
					<methods/>
					<lines>
						<line number="1" hits="1"/>
						<line number="3" hits="1"/>
						<line number="5" hits="1"/>
						<line number="6" hits="1"/>
						<line number="7" hits="1"/>
						<line number="8" hits="1"/>
						<line number="9" hits="1"/>
						<line number="10" hits="1"/>
						<line number="11" hits="1"/>
						<line number="12" hits="1"/>
						<line number="13" hits="1"/>
						<line number="14" hits="1"/>
						<line number="17" hits="1"/>
						<line number="18" hits="1"/>
						<line number="19" hits="1"/>
						<line number="20" hits="1"/>
						<line number="23" hits="1"/>
						<line number="24" hits="1"/>
						<line number="25" hits="1"/>
						<line number="26" hits="1"/>
						<line number="27" hits="1"/>
						<line number="28" hits="1"/>
						<line number="31" hits="1"/>
						<line number="32" hits="1"/>
						<line number="33" hits="1"/>
						<line number="34" hits="1"/>
						<line number="35" hits="1"/>
						<line number="38" hits="1"/>
						<line number="39" hits="1"/>
						<line number="40" hits="1"/>
						<line number="41" hits="1"/>
						<line number="43" hits="1"/>
						<line number="44" hits="1"/>
						<line number="45" hits="1"/>
						<line number="46" hits="1"/>
						<line number="48" hits="1"/>
						<line number="50" hits="1"/>
						<line number="51" hits="1"/>
						<line number="52" hits="1"/>
						<line number="53" hits="1"/>
						<line number="54" hits="1"/>
						<line number="55" hits="1"/>
						<line number="58" hits="1"/>
						<line number="59" hits="1"/>
						<line number="60" hits="1"/>
						<line number="61" hits="1"/>
						<line number="62" hits="1"/>
						<line number="63" hits="1"/>
						<line number="66" hits="1"/>
						<line number="67" hits="1"/>
						<line number="68" hits="1"/>
						<line number="69" hits="1"/>
						<line number="70" hits="1"/>
						<line number="73" hits="1"/>
						<line number="74" hits="1"/>
						<line number="75" hits="1"/>
						<line number="76" hits="1"/>
						<line number="77" hits="1"/>
						<line number="78" hits="1"/>
						<line number="79" hits="1"/>
						<line number="80" hits="1"/>
						<line number="81" hits="1"/>
						<line number="82" hits="1"/>
						<line number="83" hits="1"/>
						<line number="84" hits="1"/>
						<line number="85" hits="1"/>
						<line number="86" hits="1"/>
						<line number="87" hits="1"/>
						<line number="90" hits="1"/>
						<line number="91" hits="1"/>
						<line number="92" hits="1"/>
						<line number="93" hits="1"/>
						<line number="94" hits="1"/>
						<line number="95" hits="1"/>
						<line number="96" hits="1"/>
						<line number="97" hits="1"/>
						<line number="98" hits="1"/>
						<line number="99" hits="1"/>
						<line number="100" hits="1"/>
						<line number="101" hits="1"/>
						<line number="102" hits="1"/>
						<line number="103" hits="1"/>
						<line number="104" hits="1"/>
						<line number="105" hits="1"/>
						<line number="106" hits="1"/>
						<line number="107" hits="1"/>
						<line number="108" hits="1"/>
						<line number="109" hits="1"/>
						<line number="110" hits="1"/>
						<line number="111" hits="1"/>
						<line number="112" hits="1"/>
						<line number="115" hits="1"/>
						<line number="116" hits="1"/>
						<line number="117" hits="1"/>
					</lines>
				</class>
				<class name="cpj_house_ai.py" filename="cpj_house_ai.py" complexity="0" line-rate="0.6267" branch-rate="0">
					<methods/>
					<lines>
						<line number="5" hits="1"/>
						<line number="6" hits="1"/>
						<line number="7" hits="1"/>
						<line number="8" hits="1"/>
						<line number="9" hits="1"/>
						<line number="10" hits="1"/>
						<line number="11" hits="1"/>
						<line number="12" hits="1"/>
						<line number="14" hits="1"/>
						<line number="16" hits="1"/>
						<line number="18" hits="1"/>
						<line number="19" hits="1"/>
						<line number="20" hits="1"/>
						<line number="21" hits="1"/>
						<line number="22" hits="1"/>
						<line number="24" hits="1"/>
						<line number="26" hits="1"/>
						<line number="27" hits="1"/>
						<line number="28" hits="1"/>
						<line number="29" hits="1"/>
[...]
						<line number="93" hits="0"/>
						<line number="95" hits="0" branch="true" condition-coverage="0% (0/2)" missing-branches="96,114"/>
						<line number="96" hits="0" branch="true" condition-coverage="0% (0/2)" missing-branches="95,97"/>
						<line number="97" hits="0"/>
						<line number="104" hits="0"/>
						<line number="107" hits="0" branch="true" condition-coverage="0% (0/2)" missing-branches="108,109"/>
						<line number="108" hits="0"/>
						<line number="109" hits="0"/>
						<line number="114" hits="0"/>
						<line number="116" hits="0"/>
						<line number="118" hits="0"/>
						<line number="120" hits="0" branch="true" condition-coverage="0% (0/2)" missing-branches="121,123"/>
						<line number="121" hits="0"/>
						<line number="123" hits="0"/>
						<line number="125" hits="0"/>
						<line number="126" hits="0"/>
						<line number="129" hits="0"/>
						<line number="136" hits="0"/>
						<line number="138" hits="0"/>
						<line number="139" hits="0"/>
						<line number="140" hits="0"/>
						<line number="141" hits="0"/>
						<line number="142" hits="0"/>
						<line number="143" hits="0"/>
						<line number="145" hits="0"/>
						<line number="147" hits="0"/>
						<line number="149" hits="0" branch="true" condition-coverage="0% (0/2)" missing-branches="150,151"/>
						<line number="150" hits="0"/>
						<line number="151" hits="0" branch="true" condition-coverage="0% (0/2)" missing-branches="exit,152"/>
						<line number="152" hits="0" branch="true" condition-coverage="0% (0/2)" missing-branches="153,154"/>
						<line number="153" hits="0"/>
						<line number="154" hits="0"/>
						<line number="156" hits="0" branch="true" condition-coverage="0% (0/2)" missing-branches="exit,157"/>
						<line number="157" hits="0"/>
					</lines>
				</class>
				<class name="cpj_to_py.py" filename="tools/cpj_to_py.py" complexity="0" line-rate="0" branch-rate="0">
					<methods/>
					<lines>
						<line number="4" hits="0"/>
						<line number="5" hits="0"/>
						<line number="7" hits="0"/>
						<line number="8" hits="0"/>
						<line number="9" hits="0"/>
						<line number="12" hits="0"/>
						<line number="15" hits="0"/>
						<line number="18" hits="0"/>
						<line number="19" hits="0"/>
						<line number="22" hits="0"/>
						<line number="25" hits="0"/>
						<line number="26" hits="0"/>
						<line number="27" hits="0"/>
						<line number="28" hits="0"/>
						<line number="29" hits="0"/>
						<line number="30" hits="0"/>
						<line number="33" hits="0"/>
						<line number="34" hits="0"/>
						<line number="37" hits="0"/>
						<line number="38" hits="0"/>
						<line number="39" hits="0"/>
						<line number="40" hits="0"/>
						<line number="41" hits="0" branch="true" condition-coverage="0% (0/2)" missing-branches="42,43"/>
						<line number="42" hits="0"/>
						<line number="43" hits="0" branch="true" condition-coverage="0% (0/2)" missing-branches="44,45"/>
						<line number="44" hits="0"/>
						<line number="45" hits="0"/>
						<line number="47" hits="0"/>
						<line number="50" hits="0"/>
						<line number="51" hits="0"/>
						<line number="52" hits="0"/>
						<line number="53" hits="0" branch="true" condition-coverage="0% (0/2)" missing-branches="54,70"/>
						<line number="54" hits="0"/>
						<line number="55" hits="0" branch="true" condition-coverage="0% (0/2)" missing-branches="56,60"/>
						<line number="56" hits="0"/>
						<line number="57" hits="0"/>
						<line number="60" hits="0" branch="true" condition-coverage="0% (0/2)" missing-branches="61,64"/>
						<line number="61" hits="0"/>
						<line number="64" hits="0"/>
						<line number="67" hits="0" branch="true" condition-coverage="0% (0/2)" missing-branches="53,68"/>
						<line number="68" hits="0"/>
						<line number="70" hits="0"/>
						<line number="72" hits="0"/>
						<line number="73" hits="0"/>
						<line number="75" hits="0"/>
						<line number="77" hits="0"/>
						<line number="78" hits="0" branch="true" condition-coverage="0% (0/2)" missing-branches="exit,79"/>
						<line number="79" hits="0"/>
						<line number="80" hits="0"/>
						<line number="81" hits="0"/>
						<line number="83" hits="0" branch="true" condition-coverage="0% (0/2)" missing-branches="exit,84"/>
						<line number="84" hits="0"/>
					</lines>
				</class>
				<class name="simple_emitter.py" filename="tools/simple_emitter.py" complexity="0" line-rate="0" branch-rate="0">
					<methods/>
					<lines>
						<line number="6" hits="0"/>
						<line number="7" hits="0"/>
						<line number="9" hits="0"/>
						<line number="10" hits="0"/>
						<line number="11" hits="0"/>
						<line number="13" hits="0"/>
						<line number="14" hits="0"/>
						<line number="15" hits="0"/>
						<line number="16" hits="0"/>
						<line number="19" hits="0"/>
						<line number="20" hits="0"/>
						<line number="21" hits="0"/>
						<line number="22" hits="0"/>
						<line number="23" hits="0" branch="true" condition-coverage="0% (0/2)" missing-branches="24,133"/>
						<line number="24" hits="0"/>
						<line number="25" hits="0"/>
						<line number="26" hits="0"/>
						<line number="27" hits="0" branch="true" condition-coverage="0% (0/2)" missing-branches="28,29"/>
						<line number="28" hits="0"/>
						<line number="29" hits="0" branch="true" condition-coverage="0% (0/2)" missing-branches="30,33"/>
						<line number="30" hits="0"/>
						<line number="33" hits="0"/>
						<line number="34" hits="0" branch="true" condition-coverage="0% (0/2)" missing-branches="35,43"/>
						<line number="35" hits="0"/>
						<line number="36" hits="0"/>
						<line number="38" hits="0"/>
						<line number="39" hits="0"/>
						<line number="40" hits="0"/>
						<line number="43" hits="0" branch="true" condition-coverage="0% (0/2)" missing-branches="44,50"/>
						<line number="44" hits="0" branch="true" condition-coverage="0% (0/2)" missing-branches="45,47"/>
						<line number="45" hits="0"/>
						<line number="46" hits="0"/>
						<line number="47" hits="0"/>
						<line number="50" hits="0"/>
						<line number="51" hits="0" branch="true" condition-coverage="0% (0/2)" missing-branches="52,126"/>
						<line number="52" hits="0"/>
						<line number="53" hits="0"/>
						<line number="55" hits="0"/>
						<line number="56" hits="0" branch="true" condition-coverage="0% (0/2)" missing-branches="57,61"/>
						<line number="57" hits="0" branch="true" condition-coverage="0% (0/2)" missing-branches="58,61"/>
						<line number="58" hits="0"/>
						<line number="59" hits="0" branch="true" condition-coverage="0% (0/2)" missing-branches="57,60"/>
						<line number="60" hits="0"/>
						<line number="61" hits="0"/>
						<line number="63" hits="0" branch="true" condition-coverage="0% (0/2)" missing-branches="64,68"/>
						<line number="64" hits="0" branch="true" condition-coverage="0% (0/2)" missing-branches="65,67"/>
						<line number="65" hits="0"/>
						<line number="67" hits="0"/>
						<line number="68" hits="0"/>
						<line number="72" hits="0"/>
						<line number="73" hits="0"/>
						<line number="76" hits="0"/>
						<line number="77" hits="0" branch="true" condition-coverage="0% (0/2)" missing-branches="78,117"/>
						<line number="78" hits="0"/>
						<line number="79" hits="0"/>
						<line number="80" hits="0"/>
						<line number="82" hits="0" branch="true" condition-coverage="0% (0/2)" missing-branches="83,85"/>
						<line number="83" hits="0"/>
						<line number="85" hits="0" branch="true" condition-coverage="0% (0/2)" missing-branches="87,99"/>
						<line number="87" hits="0"/>
						<line number="88" hits="0"/>
						<line number="90" hits="0"/>
						<line number="91" hits="0" branch="true" condition-coverage="0% (0/2)" missing-branches="92,98"/>
						<line number="92" hits="0"/>
						<line number="93" hits="0"/>
						<line number="94" hits="0" branch="true" condition-coverage="0% (0/2)" missing-branches="95,96"/>
						<line number="95" hits="0"/>
						<line number="96" hits="0"/>
						<line number="97" hits="0"/>
						<line number="98" hits="0"/>
						<line number="99" hits="0" branch="true" condition-coverage="0% (0/2)" missing-branches="101,113"/>
						<line number="101" hits="0"/>
						<line number="102" hits="0"/>
						<line number="104" hits="0"/>
						<line number="105" hits="0" branch="true" condition-coverage="0% (0/2)" missing-branches="106,112"/>
						<line number="106" hits="0"/>
						<line number="107" hits="0"/>
						<line number="108" hits="0" branch="true" condition-coverage="0% (0/2)" missing-branches="109,110"/>
						<line number="109" hits="0"/>
						<line number="110" hits="0"/>
						<line number="111" hits="0"/>
						<line number="112" hits="0"/>
						<line number="113" hits="0" branch="true" condition-coverage="0% (0/2)" missing-branches="114,115"/>
						<line number="114" hits="0"/>
						<line number="115" hits="0"/>
						<line number="117" hits="0" branch="true" condition-coverage="0% (0/2)" missing-branches="118,120"/>
						<line number="118" hits="0"/>
						<line number="120" hits="0" branch="true" condition-coverage="0% (0/2)" missing-branches="121,123"/>
						<line number="121" hits="0"/>
						<line number="122" hits="0"/>
						<line number="123" hits="0"/>
						<line number="126" hits="0" branch="true" condition-coverage="0% (0/2)" missing-branches="127,131"/>
						<line number="127" hits="0"/>
						<line number="128" hits="0"/>
						<line number="131" hits="0"/>
						<line number="133" hits="0"/>
						<line number="135" hits="0"/>
						<line number="136" hits="0"/>
						<line number="137" hits="0"/>
						<line number="138" hits="0"/>
						<line number="139" hits="0"/>
						<line number="140" hits="0"/>
						<line number="141" hits="0"/>
						<line number="142" hits="0"/>
						<line number="143" hits="0"/>
						<line number="144" hits="0"/>
						<line number="145" hits="0"/>
						<line number="147" hits="0" branch="true" condition-coverage="0% (0/2)" missing-branches="exit,148"/>
						<line number="148" hits="0"/>
					</lines>
				</class>
				<class name="type_checker.py" filename="tools/type_checker.py" complexity="0" line-rate="0" branch-rate="0">
					<methods/>
					<lines>
						<line number="4" hits="0"/>
						<line number="7" hits="0"/>
						<line number="8" hits="0"/>
						<line number="9" hits="0"/>
						<line number="10" hits="0"/>
						<line number="11" hits="0"/>
						<line number="12" hits="0"/>
						<line number="13" hits="0"/>
						<line number="14" hits="0"/>
						<line number="15" hits="0"/>
						<line number="17" hits="0"/>
						<line number="18" hits="0"/>
						<line number="19" hits="0"/>
						<line number="20" hits="0"/>
						<line number="21" hits="0"/>
						<line number="22" hits="0"/>
						<line number="23" hits="0"/>
						<line number="24" hits="0"/>
						<line number="26" hits="0"/>
						<line number="28" hits="0"/>
						<line number="29" hits="0"/>
						<line number="30" hits="0" branch="true" condition-coverage="0% (0/2)" missing-branches="exit,31"/>
						<line number="31" hits="0" branch="true" condition-coverage="0% (0/2)" missing-branches="32,37"/>
						<line number="32" hits="0"/>
						<line number="37" hits="0" branch="true" condition-coverage="0% (0/2)" missing-branches="30,38"/>
						<line number="38" hits="0"/>
						<line number="39" hits="0"/>
						<line number="40" hits="0"/>
						<line number="46" hits="0"/>
						<line number="48" hits="0" branch="true" condition-coverage="0% (0/2)" missing-branches="exit,49"/>
						<line number="49" hits="0" branch="true" condition-coverage="0% (0/2)" missing-branches="48,50"/>
						<line number="50" hits="0"/>
						<line number="51" hits="0"/>
						<line number="53" hits="0"/>
						<line number="54" hits="0" branch="true" condition-coverage="0% (0/2)" missing-branches="48,55"/>
						<line number="55" hits="0"/>
						<line number="57" hits="0"/>
						<line number="59" hits="0" branch="true" condition-coverage="0% (0/2)" missing-branches="60,64"/>
						<line number="60" hits="0" branch="true" condition-coverage="0% (0/2)" missing-branches="61,62"/>
						<line number="61" hits="0"/>
						<line number="62" hits="0" branch="true" condition-coverage="0% (0/2)" missing-branches="63,64"/>
						<line number="63" hits="0"/>
						<line number="64" hits="0" branch="true" condition-coverage="0% (0/2)" missing-branches="65,66"/>
						<line number="65" hits="0"/>
						<line number="66" hits="0" branch="true" condition-coverage="0% (0/2)" missing-branches="67,68"/>
						<line number="67" hits="0"/>
						<line number="68" hits="0" branch="true" condition-coverage="0% (0/2)" missing-branches="70,73"/>
						<line number="70" hits="0"/>
						<line number="72" hits="0"/>
						<line number="73" hits="0"/>
						<line number="75" hits="0"/>
						<line number="77" hits="0" branch="true" condition-coverage="0% (0/2)" missing-branches="exit,78"/>
						<line number="78" hits="0" branch="true" condition-coverage="0% (0/2)" missing-branches="77,79"/>
						<line number="79" hits="0"/>
						<line number="80" hits="0" branch="true" condition-coverage="0% (0/2)" missing-branches="77,81"/>
						<line number="81" hits="0"/>
						<line number="82" hits="0"/>
						<line number="83" hits="0"/>
						<line number="84" hits="0" branch="true" condition-coverage="0% (0/2)" missing-branches="85,93"/>
						<line number="85" hits="0" branch="true" condition-coverage="0% (0/2)" missing-branches="84,87"/>
						<line number="87" hits="0" branch="true" condition-coverage="0% (0/2)" missing-branches="88,90"/>
						<line number="88" hits="0"/>
						<line number="89" hits="0"/>
						<line number="90" hits="0" branch="true" condition-coverage="0% (0/2)" missing-branches="84,91"/>
						<line number="91" hits="0"/>
						<line number="92" hits="0"/>
						<line number="93" hits="0" branch="true" condition-coverage="0% (0/2)" missing-branches="77,94"/>
						<line number="94" hits="0"/>
						<line number="100" hits="0"/>
						<line number="101" hits="0" branch="true" condition-coverage="0% (0/2)" missing-branches="exit,102"/>
						<line number="102" hits="0" branch="true" condition-coverage="0% (0/2)" missing-branches="101,103"/>
						<line number="103" hits="0"/>
						<line number="105" hits="0"/>
						<line number="106" hits="0"/>
						<line number="107" hits="0"/>
						<line number="108" hits="0" branch="true" condition-coverage="0% (0/2)" missing-branches="exit,109"/>
						<line number="109" hits="0" branch="true" condition-coverage="0% (0/2)" missing-branches="108,110"/>
						<line number="110" hits="0"/>
						<line number="111" hits="0" branch="true" condition-coverage="0% (0/2)" missing-branches="108,112"/>
						<line number="112" hits="0"/>
						<line number="113" hits="0" branch="true" condition-coverage="0% (0/2)" missing-branches="114,115"/>
						<line number="114" hits="0"/>
						<line number="115" hits="0"/>
						<line number="116" hits="0" branch="true" condition-coverage="0% (0/2)" missing-branches="117,119"/>
						<line number="117" hits="0"/>
						<line number="119" hits="0" branch="true" condition-coverage="0% (0/2)" missing-branches="120,136"/>
						<line number="120" hits="0"/>
						<line number="121" hits="0"/>
						<line number="122" hits="0"/>
						<line number="123" hits="0" branch="true" condition-coverage="0% (0/2)" missing-branches="124,127"/>
						<line number="124" hits="0"/>
						<line number="125" hits="0"/>
						<line number="127" hits="0"/>
						<line number="128" hits="0"/>
						<line number="129" hits="0"/>
						<line number="130" hits="0" branch="true" condition-coverage="0% (0/2)" missing-branches="131,134"/>
						<line number="131" hits="0" branch="true" condition-coverage="0% (0/2)" missing-branches="132,134"/>
						<line number="132" hits="0" branch="true" condition-coverage="0% (0/2)" missing-branches="131,133"/>
						<line number="133" hits="0"/>
						<line number="134" hits="0"/>
						<line number="136" hits="0"/>
						<line number="137" hits="0" branch="true" condition-coverage="0% (0/2)" missing-branches="111,138"/>
						<line number="138" hits="0" branch="true" condition-coverage="0% (0/2)" missing-branches="139,140"/>
						<line number="139" hits="0"/>
						<line number="140" hits="0" branch="true" condition-coverage="0% (0/2)" missing-branches="141,143"/>
						<line number="141" hits="0"/>
						<line number="143" hits="0"/>
						<line number="144" hits="0"/>
						<line number="145" hits="0"/>
						<line number="146" hits="0" branch="true" condition-coverage="0% (0/2)" missing-branches="137,147"/>
						<line number="147" hits="0"/>
						<line number="149" hits="0"/>
						<line number="150" hits="0" branch="true" condition-coverage="0% (0/2)" missing-branches="exit,151"/>
						<line number="151" hits="0" branch="true" condition-coverage="0% (0/2)" missing-branches="150,152"/>
						<line number="152" hits="0"/>
						<line number="153" hits="0" branch="true" condition-coverage="0% (0/2)" missing-branches="150,154"/>
						<line number="154" hits="0"/>
						<line number="155" hits="0" branch="true" condition-coverage="0% (0/2)" missing-branches="153,157"/>
						<line number="157" hits="0"/>
						<line number="158" hits="0"/>
						<line number="159" hits="0"/>
						<line number="160" hits="0"/>
						<line number="161" hits="0"/>
						<line number="162" hits="0"/>
						<line number="163" hits="0" branch="true" condition-coverage="0% (0/2)" missing-branches="164,187"/>
						<line number="164" hits="0" branch="true" condition-coverage="0% (0/2)" missing-branches="165,173"/>
						<line number="165" hits="0"/>
						<line number="166" hits="0" branch="true" condition-coverage="0% (0/2)" missing-branches="167,168"/>
						<line number="167" hits="0"/>
						<line number="168" hits="0" branch="true" condition-coverage="0% (0/2)" missing-branches="169,170"/>
						<line number="169" hits="0"/>
						<line number="170" hits="0" branch="true" condition-coverage="0% (0/2)" missing-branches="163,171"/>
						<line number="171" hits="0"/>
						<line number="173" hits="0" branch="true" condition-coverage="0% (0/2)" missing-branches="174,176"/>
						<line number="174" hits="0"/>
						<line number="175" hits="0"/>
						<line number="176" hits="0" branch="true" condition-coverage="0% (0/2)" missing-branches="177,179"/>
						<line number="177" hits="0"/>
						<line number="178" hits="0"/>
						<line number="179" hits="0" branch="true" condition-coverage="0% (0/2)" missing-branches="180,182"/>
						<line number="180" hits="0"/>
						<line number="181" hits="0"/>
						<line number="182" hits="0" branch="true" condition-coverage="0% (0/2)" missing-branches="183,186"/>
						<line number="183" hits="0"/>
						<line number="184" hits="0"/>
						<line number="186" hits="0"/>
						<line number="187" hits="0" branch="true" condition-coverage="0% (0/2)" missing-branches="188,189"/>
						<line number="188" hits="0"/>
						<line number="189" hits="0" branch="true" condition-coverage="0% (0/2)" missing-branches="153,190"/>
						<line number="190" hits="0"/>
						<line number="191" hits="0"/>
						<line number="192" hits="0"/>
						<line number="193" hits="0"/>
						<line number="195" hits="0" branch="true" condition-coverage="0% (0/2)" missing-branches="196,200"/>
						<line number="196" hits="0"/>
						<line number="199" hits="0"/>
						<line number="200" hits="0"/>
						<line number="201" hits="0" branch="true" condition-coverage="0% (0/2)" missing-branches="202,206"/>
						<line number="202" hits="0"/>
						<line number="206" hits="0" branch="true" condition-coverage="0% (0/2)" missing-branches="153,207"/>
						<line number="207" hits="0" branch="true" condition-coverage="0% (0/2)" missing-branches="206,208"/>
						<line number="208" hits="0"/>
					</lines>
				</class>
			</classes>
		</package>
	</packages>
</coverage>
